#
# A fatal error has been detected by the Java Runtime Environment:
#
#  EXCEPTION_ACCESS_VIOLATION (0xc0000005) at pc=0x00007ff9d64b26c4, pid=15880, tid=29340
#
# JRE version: OpenJDK Runtime Environment (24.0.1+9) (build 24.0.1+9-30)
# Java VM: OpenJDK 64-Bit Server VM (24.0.1+9-30, mixed mode, emulated-client, sharing, tiered, compressed oops, compressed class ptrs, g1 gc, windows-amd64)
# Problematic frame:
# C  [libasyncProfiler.dll+0x926c4]
#
# No core dump will be written. Minidumps are not enabled by default on client versions of Windows
#
# JFR recording file will be written. Location: C:\Users\User\Desktop\Pfa2025\backend\hs_err_pid15880.jfr
#
# If you would like to submit a bug report, please visit:
#   https://bugreport.java.com/bugreport/crash.jsp
# The crash happened outside the Java Virtual Machine in native code.
# See problematic frame for where to report the bug.
#

---------------  S U M M A R Y ------------

Command Line: -XX:TieredStopAtLevel=1 -Dspring.output.ansi.enabled=always -Dcom.sun.management.jmxremote -Dspring.jmx.enabled=true -Dspring.liveBeansView.mbeanDomain -Dspring.application.admin.enabled=true -Dmanagement.endpoints.jmx.exposure.include=* -javaagent:C:\Program Files\JetBrains\IntelliJ IDEA 2025.1.1.1\lib\idea_rt.jar=60971 -Dfile.encoding=UTF-8 -Dsun.stdout.encoding=UTF-8 -Dsun.stderr.encoding=UTF-8 com.example.backend.BackendApplication

Host: AMD Ryzen 7 7735HS with Radeon Graphics        , 16 cores, 15G,  Windows 11 , 64 bit Build 26100 (10.0.26100.3912)
Time: Fri May 30 14:57:40 2025 Morocco Daylight Time elapsed time: 10955.736396 seconds (0d 3h 2m 35s)

---------------  T H R E A D  ---------------

Current thread (0x0000023b1afa3990):  JavaThread "Attach Listener" daemon [_thread_in_native, id=29340, stack(0x000000cb80500000,0x000000cb80600000) (1024K)]

Stack: [0x000000cb80500000,0x000000cb80600000],  sp=0x000000cb805fec20,  free space=1019k
Native frames: (J=compiled Java code, j=interpreted, Vv=VM code, C=native code)
C  [libasyncProfiler.dll+0x926c4]  (no source info available)
C  [libasyncProfiler.dll+0x92b9b]  (no source info available)
C  [libasyncProfiler.dll+0x917f4]  (no source info available)
C  [libasyncProfiler.dll+0x9206a]  (no source info available)
C  [libasyncProfiler.dll+0x8cc21]  (no source info available)
C  [libasyncProfiler.dll+0x7e5e1]  (no source info available)
C  [libasyncProfiler.dll+0x7d2f8]  (no source info available)
C  [libasyncProfiler.dll+0x7d1e0]  (no source info available)
C  [libasyncProfiler.dll+0x841b9]  (no source info available)
V  [jvm.dll+0x57eff7]  (no source info available)
V  [jvm.dll+0x57fdac]  (no source info available)
V  [jvm.dll+0x14ca17]  (no source info available)
V  [jvm.dll+0x14dfe1]  (no source info available)
V  [jvm.dll+0x42f456]  (no source info available)
V  [jvm.dll+0x87d76b]  (no source info available)
V  [jvm.dll+0x72ee55]  (no source info available)
C  [ucrtbase.dll+0x37b0]  (no source info available)
C  [KERNEL32.DLL+0x2e8d7]  (no source info available)
C  [ntdll.dll+0x9c5dc]  (no source info available)


siginfo: EXCEPTION_ACCESS_VIOLATION (0xc0000005), reading address 0xffffffffffffffff


Registers:
RAX=0x0000000000000010, RBX=0x0000000000000000, RCX=0xffffffffffffffff, RDX=0x007ff9c4d1300010
RSP=0x000000cb805fec20, RBP=0x0000023b63ef4b78, RSI=0x000000cb805fed90, RDI=0x0000023b63ef4b78
R8 =0x0000000000000042, R9 =0x000000070fed5f00, R10=0x00007ff9c4f89fb0, R11=0x0000000000000046
R12=0x000000cb805fed90, R13=0x0000023b1b883b30, R14=0x0000023b1afa3d58, R15=0x0000023b1afa3d58
RIP=0x00007ff9d64b26c4, EFLAGS=0x0000000000010202

XMM[0]=0x0000000000000000 0x0000000000000000
XMM[1]=0x0000000000000000 0x0000000000000000
XMM[2]=0x0000000000000000 0x0000000000000000
XMM[3]=0x0000000000000000 0x0000000000000000
XMM[4]=0x0000000000000000 0x0000000000000000
XMM[5]=0x0000000000000000 0x0000000000000000
XMM[6]=0x0000000000000000 0x0000000000000000
XMM[7]=0x0000000000000000 0x0000000000000000
XMM[8]=0x0000000000000000 0x0000000000000000
XMM[9]=0x0000000000000000 0x0000000000000000
XMM[10]=0x0000000000000000 0x0000000000000000
XMM[11]=0x0000000000000000 0x0000000000000000
XMM[12]=0x0000000000000000 0x0000000000000000
XMM[13]=0x0000000000000000 0x0000000000000000
XMM[14]=0x0000000000000000 0x0000000000000000
XMM[15]=0x0000000000000000 0x0000000000000000
  MXCSR=0x00001fa0


Register to memory mapping:

RAX=0x0000000000000010 is an unknown value
RBX=0x0 is null
RCX=0xffffffffffffffff is an unknown value
RDX=0x007ff9c4d1300010 is an unknown value
RSP=0x000000cb805fec20 is pointing into the stack for thread: 0x0000023b1afa3990
RBP=0x0000023b63ef4b78 points into unknown readable memory: 0x000000070fed5f00 | 00 5f ed 0f 07 00 00 00
RSI=0x000000cb805fed90 is pointing into the stack for thread: 0x0000023b1afa3990
RDI=0x0000023b63ef4b78 points into unknown readable memory: 0x000000070fed5f00 | 00 5f ed 0f 07 00 00 00
R8 =0x0000000000000042 is an unknown value
R9 =0x000000070fed5f00 is an oop: java.lang.ref.Reference$ReferenceHandler 
{0x000000070fed5f00} - klass: 'java/lang/ref/Reference$ReferenceHandler' - flags: 

 - ---- fields (total size 14 words):
 - 'threadLocalRandomProbe' 'I' @12  0 (0x00000000)
 - private volatile 'eetop' 'J' @16  2452878902496 (0x0000023b1af9c4e0)
 - private final 'tid' 'J' @24  15 (0x000000000000000f)
 - 'threadLocalRandomSeed' 'J' @32  0 (0x0000000000000000)
 - injected 'jvmti_thread_state' 'J' @40  2454069648416 (0x0000023b61f31c20)
 - 'threadLocalRandomSecondarySeed' 'I' @48  0 (0x00000000)
 - injected 'jvmti_VTMS_transition_disable_count' 'I' @52  0 (0x00000000)
 - injected 'jfr_epoch' 'S' @56  0 (0x0000)
 - volatile 'interrupted' 'Z' @58  false (0x00)
 - injected 'jvmti_is_in_VTMS_transition' 'Z' @59  false (0x00)
 - private volatile 'name' 'Ljava/lang/String;' @60  "Reference Handler"{0x000000070f32d1b0} (0xe1e65a36)
 - private volatile 'contextClassLoader' 'Ljava/lang/ClassLoader;' @64  null (0x00000000)
 - private final 'holder' 'Ljava/lang/Thread$FieldHolder;' @68  a 'java/lang/Thread$FieldHolder'{0x000000070c3f4638} (0xe187e8c7)
 - 'threadLocals' 'Ljava/lang/ThreadLocal$ThreadLocalMap;' @72  null (0x00000000)
 - 'inheritableThreadLocals' 'Ljava/lang/ThreadLocal$ThreadLocalMap;' @76  null (0x00000000)
 - private 'scopedValueBindings' 'Ljava/lang/Object;' @80  a 'java/lang/Class'{0x000000070ff004c8} = 'java/lang/Thread' (0xe1fe0099)
 - final 'interruptLock' 'Ljava/lang/Object;' @84  a 'java/lang/Object'{0x000000070c582f20} (0xe18b05e4)
 - private volatile 'parkBlocker' 'Ljava/lang/Object;' @88  null (0x00000000)
 - private 'nioBlocker' 'Lsun/nio/ch/Interruptible;' @92  null (0x00000000)
 - private 'cont' 'Ljdk/internal/vm/Continuation;' @96  null (0x00000000)
 - private volatile 'uncaughtExceptionHandler' 'Ljava/lang/Thread$UncaughtExceptionHandler;' @100  null (0x00000000)
 - private 'container' 'Ljdk/internal/vm/ThreadContainer;' @104  null (0x00000000)
 - private volatile 'headStackableScopes' 'Ljdk/internal/vm/StackableScope;' @108  null (0x00000000)
R10=0x00007ff9c4f89fb0 jvm.dll
R11=0x0000000000000046 is an unknown value
R12=0x000000cb805fed90 is pointing into the stack for thread: 0x0000023b1afa3990
R13=0x0000023b1b883b30 points into unknown readable memory: 0x00007ff9c4efa510 | 10 a5 ef c4 f9 7f 00 00
R14=0x0000023b1afa3d58 points into unknown readable memory: 0x00007ff9c4ef17b0 | b0 17 ef c4 f9 7f 00 00
R15=0x0000023b1afa3d58 points into unknown readable memory: 0x00007ff9c4ef17b0 | b0 17 ef c4 f9 7f 00 00

Top of Stack: (sp=0x000000cb805fec20)
0x000000cb805fec20:   000000cb805fed90 0000023b63ef4b78   .._.....xK.c;...
0x000000cb805fec30:   0000000000000000 0000023b1afa1250   ........P...;...
0x000000cb805fec40:   000000000000003b 00007ff9d64b2b9b   ;........+K.....
0x000000cb805fec50:   0000000000000000 0000023b1afa3d58   ........X=..;...
0x000000cb805fec60:   000000cb805fed01 0000000000000000   .._.............
0x000000cb805fec70:   0000023b639513b0 00007ff9d64b17f4   ...c;.....K.....
0x000000cb805fec80:   0000000000000000 000000000000003b   ........;.......
0x000000cb805fec90:   0000000000000000 000000000000003b   ........;.......
0x000000cb805feca0:   0000001f00000002 0000023b63c2f040   ........@..c;...
0x000000cb805fecb0:   0000023b639513b0 0000023b6395149c   ...c;......c;...
0x000000cb805fecc0:   0000023b639514ac 0000000000007628   ...c;...(v......
0x000000cb805fecd0:   0000000000000000 0000000000000000   ................
0x000000cb805fece0:   0000000000000000 00007ff9c47557d4   .........Wu.....
0x000000cb805fecf0:   00007ff9d65f4ca0 0000000000003e08   .L_......>......
0x000000cb805fed00:   00007ff9d65f4ca0 00000000ffffffff   .L_.............
0x000000cb805fed10:   0000000000000000 00007ff9d64b206a   ........j K.....
0x000000cb805fed20:   0000023b1afa3d58 0000000000000000   X=..;...........
0x000000cb805fed30:   000000cb805fed99 0000023b1b883b30   .._.....0;..;...
0x000000cb805fed40:   0000000000000004 0000000000000048   ........H.......
0x000000cb805fed50:   0000000800800310 0000000000000020   ........ .......
0x000000cb805fed60:   0000023b1afa3d58 00007ff9d65f4ca0   X=..;....L_.....
0x000000cb805fed70:   0000023b1afa9450 0000023b61f31c20   P...;... ..a;...
0x000000cb805fed80:   0000000800800390 0000023b1afa3d58   ........X=..;...
0x000000cb805fed90:   0000023b635fabf0 0000023b635fb350   .._c;...P._c;...
0x000000cb805feda0:   0000023b635fb350 00007ff9d65f4ca0   P._c;....L_.....
0x000000cb805fedb0:   0000023b1bf4d498 000000cb805fef28   ....;...(._.....
0x000000cb805fedc0:   000000cb805ff060 0000000000008840   `._.....@.......
0x000000cb805fedd0:   000000cb805ff240 00007ff9d65f4cf0   @._......L_.....
0x000000cb805fede0:   0000000000989680 0000000000989680   ................
0x000000cb805fedf0:   000000cb805fef00 00007ff9d64acc21   .._.....!.J.....
0x000000cb805fee00:   00007ff9d65f4ca0 00007ff9d65f4cf8   .L_......L_.....
0x000000cb805fee10:   00007ff900000000 00007ff900000001   ................

Instructions: (pc=0x00007ff9d64b26c4)
  0x00007ff9d64b25c4:   cc cc cc cc cc cc cc cc cc cc cc cc cc cc cc cc
  0x00007ff9d64b25d4:   cc cc cc cc cc cc cc cc cc cc cc cc cc cc cc cc
  0x00007ff9d64b25e4:   cc cc cc cc cc cc cc cc cc cc cc cc cc cc cc cc
  0x00007ff9d64b25f4:   cc cc cc cc cc cc cc cc cc cc cc cc cc cc cc cc
  0x00007ff9d64b2604:   cc cc cc cc cc cc cc cc cc cc cc cc cc cc cc cc
  0x00007ff9d64b2614:   cc cc cc cc cc cc cc cc cc cc cc cc cc cc cc cc
  0x00007ff9d64b2624:   cc cc cc cc cc cc cc cc cc cc cc cc cc cc cc cc
  0x00007ff9d64b2634:   cc cc cc cc cc cc cc cc cc cc cc cc cc cc cc cc
  0x00007ff9d64b2644:   cc cc cc cc cc cc cc cc cc cc cc cc 40 57 48 83
  0x00007ff9d64b2654:   ec 20 48 8b f9 48 8b 0d 10 28 14 00 48 85 c9 74
  0x00007ff9d64b2664:   20 48 8b 01 48 8d 54 24 38 41 b8 06 00 01 00 4c
  0x00007ff9d64b2674:   8b 48 30 41 ff d1 85 c0 75 07 48 8b 4c 24 38 eb
  0x00007ff9d64b2684:   02 33 c9 4c 8b 05 ea 28 14 00 48 89 5c 24 30 4d
  0x00007ff9d64b2694:   85 c0 74 4a 48 8b 01 48 8b d7 4c 8b 88 28 03 00
  0x00007ff9d64b26a4:   00 41 ff d1 48 85 c0 74 35 48 63 0d f8 e6 13 00
  0x00007ff9d64b26b4:   48 8b 14 01 48 85 d2 74 15 48 63 05 fc e6 13 00
=>0x00007ff9d64b26c4:   8b 04 10 48 8b 5c 24 30 48 83 c4 20 5f c3 b8 ff
  0x00007ff9d64b26d4:   ff ff ff 48 8b 5c 24 30 48 83 c4 20 5f c3 80 3d
  0x00007ff9d64b26e4:   9b 27 14 00 00 bb ff ff ff ff 74 20 4c 8b 0d 31
  0x00007ff9d64b26f4:   24 14 00 4c 8d 44 24 38 48 8b 0d 15 24 14 00 48
  0x00007ff9d64b2704:   8b d7 41 ff d1 85 c0 0f 44 5c 24 38 8b c3 48 8b
  0x00007ff9d64b2714:   5c 24 30 48 83 c4 20 5f c3 cc cc cc cc cc cc cc
  0x00007ff9d64b2724:   cc cc cc cc cc cc cc cc cc cc cc cc cc cc cc cc
  0x00007ff9d64b2734:   cc cc cc cc cc cc cc cc cc cc cc cc cc cc cc cc
  0x00007ff9d64b2744:   cc cc cc cc cc cc cc cc cc cc cc cc 48 89 54 24
  0x00007ff9d64b2754:   10 53 55 56 57 41 56 41 57 48 83 ec 28 48 8b f2
  0x00007ff9d64b2764:   4c 8b f1 48 89 4c 24 78 45 33 ff 44 89 7c 24 68
  0x00007ff9d64b2774:   c7 44 24 60 01 00 00 00 48 8d 4c 24 68 e8 ed 42
  0x00007ff9d64b2784:   f7 ff 8b d8 48 8d 4c 24 60 e8 e1 42 f7 ff 8b e8
  0x00007ff9d64b2794:   49 8b ce e8 00 fc f6 ff 48 8b f8 90 8b c3 f0 0f
  0x00007ff9d64b27a4:   b1 2f 74 04 f3 90 eb f4 4c 89 3e 4c 89 7e 08 4c
  0x00007ff9d64b27b4:   89 7e 10 49 8b 6e 08 4d 8b 76 10 49 3b ee 0f 84


Stack slot to memory mapping:

stack at sp + 0 slots: 0x000000cb805fed90 is pointing into the stack for thread: 0x0000023b1afa3990
stack at sp + 1 slots: 0x0000023b63ef4b78 points into unknown readable memory: 0x000000070fed5f00 | 00 5f ed 0f 07 00 00 00
stack at sp + 2 slots: 0x0 is null
stack at sp + 3 slots: 0x0000023b1afa1250 points into unknown readable memory: 0x6e616c2e6176616a | 6a 61 76 61 2e 6c 61 6e
stack at sp + 4 slots: 0x000000000000003b is an unknown value
stack at sp + 5 slots: 0x00007ff9d64b2b9b libasyncProfiler.dll
stack at sp + 6 slots: 0x0 is null
stack at sp + 7 slots: 0x0000023b1afa3d58 points into unknown readable memory: 0x00007ff9c4ef17b0 | b0 17 ef c4 f9 7f 00 00

Lock stack of current Java thread (top to bottom):


---------------  P R O C E S S  ---------------

Threads class SMR info:
_java_thread_list=0x0000023b1bce7ca0, length=37, elements={
0x0000023b1af9c4e0, 0x0000023b1af9cc20, 0x0000023b1afa2330, 0x0000023b1afa3990,
0x0000023b1afa67a0, 0x0000023b1afad390, 0x0000023b1afab710, 0x0000023b1b563b20,
0x0000023b1bcadcf0, 0x0000023b1bcae430, 0x0000023b616a22d0, 0x0000023b616d1300,
0x0000023b623f0a30, 0x0000023b623f2770, 0x0000023b636da7b0, 0x0000023b636ddae0,
0x0000023b636dcc40, 0x0000023b636daf00, 0x0000023b636de980, 0x0000023b636db650,
0x0000023b636df0d0, 0x0000023b636dbda0, 0x0000023b636df820, 0x0000023b636e06c0,
0x0000023b636dff70, 0x0000023b636e0e10, 0x0000023b636e1560, 0x0000023b1b4c94e0,
0x0000023b1b4c9c30, 0x0000023b1b4ca380, 0x0000023b1b4cb970, 0x0000023b1b4c8640,
0x0000023b61f434a0, 0x0000023b61f496f0, 0x0000023b61f4a610, 0x0000023b1b4cd6b0,
0x0000023b1b4caad0
}

Java Threads: ( => current thread )
  0x0000023b1af9c4e0 JavaThread "Reference Handler"          daemon [_thread_blocked, id=26468, stack(0x000000cb80200000,0x000000cb80300000) (1024K)]
  0x0000023b1af9cc20 JavaThread "Finalizer"                  daemon [_thread_blocked, id=12592, stack(0x000000cb80300000,0x000000cb80400000) (1024K)]
  0x0000023b1afa2330 JavaThread "Signal Dispatcher"          daemon [_thread_blocked, id=30056, stack(0x000000cb80400000,0x000000cb80500000) (1024K)]
=>0x0000023b1afa3990 JavaThread "Attach Listener"            daemon [_thread_in_native, id=29340, stack(0x000000cb80500000,0x000000cb80600000) (1024K)]
  0x0000023b1afa67a0 JavaThread "Service Thread"             daemon [_thread_blocked, id=14028, stack(0x000000cb80600000,0x000000cb80700000) (1024K)]
  0x0000023b1afad390 JavaThread "Monitor Deflation Thread"   daemon [_thread_blocked, id=27228, stack(0x000000cb80700000,0x000000cb80800000) (1024K)]
  0x0000023b1afab710 JavaThread "C1 CompilerThread0"         daemon [_thread_blocked, id=16628, stack(0x000000cb80800000,0x000000cb80900000) (1024K)]
  0x0000023b1b563b20 JavaThread "Common-Cleaner"             daemon [_thread_blocked, id=23120, stack(0x000000cb80c00000,0x000000cb80d00000) (1024K)]
  0x0000023b1bcadcf0 JavaThread "Monitor Ctrl-Break"         daemon [_thread_in_native, id=8896, stack(0x000000cb80d00000,0x000000cb80e00000) (1024K)]
  0x0000023b1bcae430 JavaThread "Notification Thread"        daemon [_thread_blocked, id=25252, stack(0x000000cb80e00000,0x000000cb80f00000) (1024K)]
  0x0000023b616a22d0 JavaThread "RMI TCP Accept-0"           daemon [_thread_in_native, id=484, stack(0x000000cb80f00000,0x000000cb81000000) (1024K)]
  0x0000023b616d1300 JavaThread "RMI Scheduler(0)"           daemon [_thread_blocked, id=17808, stack(0x000000cb81100000,0x000000cb81200000) (1024K)]
  0x0000023b623f0a30 JavaThread "PostgreSQL-JDBC-Cleaner"    daemon [_thread_blocked, id=18376, stack(0x000000cb82600000,0x000000cb82700000) (1024K)]
  0x0000023b623f2770 JavaThread "HikariPool-1 housekeeper"   daemon [_thread_blocked, id=29872, stack(0x000000cb82700000,0x000000cb82800000) (1024K)]
  0x0000023b636da7b0 JavaThread "Catalina-utility-1"                [_thread_blocked, id=30532, stack(0x000000cb82900000,0x000000cb82a00000) (1024K)]
  0x0000023b636ddae0 JavaThread "Catalina-utility-2"                [_thread_blocked, id=22112, stack(0x000000cb82a00000,0x000000cb82b00000) (1024K)]
  0x0000023b636dcc40 JavaThread "container-0"                       [_thread_blocked, id=3992, stack(0x000000cb82b00000,0x000000cb82c00000) (1024K)]
  0x0000023b636daf00 JavaThread "http-nio-8080-exec-1"       daemon [_thread_blocked, id=17784, stack(0x000000cb82c00000,0x000000cb82d00000) (1024K)]
  0x0000023b636de980 JavaThread "http-nio-8080-exec-2"       daemon [_thread_blocked, id=28788, stack(0x000000cb82d00000,0x000000cb82e00000) (1024K)]
  0x0000023b636db650 JavaThread "http-nio-8080-exec-3"       daemon [_thread_blocked, id=6552, stack(0x000000cb82e00000,0x000000cb82f00000) (1024K)]
  0x0000023b636df0d0 JavaThread "http-nio-8080-exec-4"       daemon [_thread_blocked, id=14900, stack(0x000000cb82f00000,0x000000cb83000000) (1024K)]
  0x0000023b636dbda0 JavaThread "http-nio-8080-exec-5"       daemon [_thread_blocked, id=2368, stack(0x000000cb83000000,0x000000cb83100000) (1024K)]
  0x0000023b636df820 JavaThread "http-nio-8080-exec-6"       daemon [_thread_blocked, id=18496, stack(0x000000cb83100000,0x000000cb83200000) (1024K)]
  0x0000023b636e06c0 JavaThread "http-nio-8080-exec-7"       daemon [_thread_blocked, id=8940, stack(0x000000cb83200000,0x000000cb83300000) (1024K)]
  0x0000023b636dff70 JavaThread "http-nio-8080-exec-8"       daemon [_thread_blocked, id=1056, stack(0x000000cb83300000,0x000000cb83400000) (1024K)]
  0x0000023b636e0e10 JavaThread "http-nio-8080-exec-9"       daemon [_thread_blocked, id=14484, stack(0x000000cb83400000,0x000000cb83500000) (1024K)]
  0x0000023b636e1560 JavaThread "http-nio-8080-exec-10"      daemon [_thread_blocked, id=14224, stack(0x000000cb83500000,0x000000cb83600000) (1024K)]
  0x0000023b1b4c94e0 JavaThread "http-nio-8080-Poller"       daemon [_thread_in_native, id=25404, stack(0x000000cb83600000,0x000000cb83700000) (1024K)]
  0x0000023b1b4c9c30 JavaThread "http-nio-8080-Acceptor"     daemon [_thread_in_native, id=7760, stack(0x000000cb83700000,0x000000cb83800000) (1024K)]
  0x0000023b1b4ca380 JavaThread "DestroyJavaVM"                     [_thread_blocked, id=28312, stack(0x000000cbffa00000,0x000000cbffb00000) (1024K)]
  0x0000023b1b4cb970 JavaThread "RMI TCP Connection(7)-192.168.0.102" daemon [_thread_in_native, id=21360, stack(0x000000cb80900000,0x000000cb80a00000) (1024K)]
  0x0000023b1b4c8640 JavaThread "JMX server connection timeout 124" daemon [_thread_blocked, id=32104, stack(0x000000cb80a00000,0x000000cb80b00000) (1024K)]
  0x0000023b61f434a0 JavaThread "C1 CompilerThread1"         daemon [_thread_blocked, id=25880, stack(0x000000cb80b00000,0x000000cb80c00000) (1024K)]
  0x0000023b61f496f0 JavaThread "C1 CompilerThread2"         daemon [_thread_blocked, id=12416, stack(0x000000cb81000000,0x000000cb81100000) (1024K)]
  0x0000023b61f4a610 JavaThread "C1 CompilerThread3"         daemon [_thread_blocked, id=27800, stack(0x000000cb81200000,0x000000cb81300000) (1024K)]
  0x0000023b1b4cd6b0 JavaThread "JFR Recorder Thread"        daemon [_thread_in_native, id=32312, stack(0x000000cb81b00000,0x000000cb81c00000) (1024K)]
  0x0000023b1b4caad0 JavaThread "JFR Periodic Tasks"         daemon [_thread_blocked, id=30248, stack(0x000000cb81c00000,0x000000cb81d00000) (1024K)]
Total: 37

Other Threads:
  0x0000023b1af8ef00 VMThread "VM Thread"                           [id=9104, stack(0x000000cb80100000,0x000000cb80200000) (1024K)]
  0x0000023b1ae585d0 WatcherThread "VM Periodic Task Thread"        [id=16652, stack(0x000000cb80000000,0x000000cb80100000) (1024K)]
  0x0000023b0778eb90 WorkerThread "GC Thread#0"                     [id=23700, stack(0x000000cbffb00000,0x000000cbffc00000) (1024K)]
  0x0000023b61d13b70 WorkerThread "GC Thread#1"                     [id=15228, stack(0x000000cb81300000,0x000000cb81400000) (1024K)]
  0x0000023b61b71fc0 WorkerThread "GC Thread#2"                     [id=24824, stack(0x000000cb81400000,0x000000cb81500000) (1024K)]
  0x0000023b61b72370 WorkerThread "GC Thread#3"                     [id=7576, stack(0x000000cb81500000,0x000000cb81600000) (1024K)]
  0x0000023b61b73140 WorkerThread "GC Thread#4"                     [id=18964, stack(0x000000cb81600000,0x000000cb81700000) (1024K)]
  0x0000023b6199e7f0 WorkerThread "GC Thread#5"                     [id=4640, stack(0x000000cb81700000,0x000000cb81800000) (1024K)]
  0x0000023b61b31fb0 WorkerThread "GC Thread#6"                     [id=1284, stack(0x000000cb81800000,0x000000cb81900000) (1024K)]
  0x0000023b61b36370 WorkerThread "GC Thread#7"                     [id=18156, stack(0x000000cb81900000,0x000000cb81a00000) (1024K)]
  0x0000023b61b90930 WorkerThread "GC Thread#8"                     [id=26496, stack(0x000000cb81f00000,0x000000cb82000000) (1024K)]
  0x0000023b61b91090 WorkerThread "GC Thread#9"                     [id=27900, stack(0x000000cb82000000,0x000000cb82100000) (1024K)]
  0x0000023b622b7890 WorkerThread "GC Thread#10"                    [id=26456, stack(0x000000cb81a00000,0x000000cb81b00000) (1024K)]
  0x0000023b622b48a0 WorkerThread "GC Thread#11"                    [id=24464, stack(0x000000cb82300000,0x000000cb82400000) (1024K)]
  0x0000023b622b53b0 WorkerThread "GC Thread#12"                    [id=7184, stack(0x000000cb82400000,0x000000cb82500000) (1024K)]
  0x0000023b077a4af0 ConcurrentGCThread "G1 Main Marker"            [id=15936, stack(0x000000cbffc00000,0x000000cbffd00000) (1024K)]
  0x0000023b077a7bc0 WorkerThread "G1 Conc#0"                       [id=10768, stack(0x000000cbffd00000,0x000000cbffe00000) (1024K)]
  0x0000023b61b91440 WorkerThread "G1 Conc#1"                       [id=26916, stack(0x000000cb82100000,0x000000cb82200000) (1024K)]
  0x0000023b61b917f0 WorkerThread "G1 Conc#2"                       [id=3872, stack(0x000000cb82200000,0x000000cb82300000) (1024K)]
  0x0000023b1ae49930 ConcurrentGCThread "G1 Refine#0"               [id=8592, stack(0x000000cbffe00000,0x000000cbfff00000) (1024K)]
  0x0000023b1ae4a2c0 ConcurrentGCThread "G1 Service"                [id=2620, stack(0x000000cbfff00000,0x000000cc00000000) (1024K)]
Total: 21

Threads with active compile tasks:
Total: 0

VM state: not at safepoint (normal execution)

VM Mutex/Monitor currently owned by a thread: None

Heap address: 0x000000070c000000, size: 3904 MB, Compressed Oops mode: Zero based, Oop shift amount: 3

CDS archive(s) mapped at: [0x0000023b1c000000-0x0000023b1cd40000-0x0000023b1cd40000), size 13893632, SharedBaseAddress: 0x0000023b1c000000, ArchiveRelocationMode: 1.
Compressed class space mapped at: 0x0000023b1d000000-0x0000023b5d000000, reserved size: 1073741824
UseCompressedClassPointers 1, UseCompactObjectHeaders 0
Narrow klass pointer bits 32, Max shift 3
Narrow klass base: 0x0000023b1c000000, Narrow klass shift: 0
Encoding Range: [0x0000023b1c000000 - 0x0000023c1c000000), (4294967296 bytes)
Klass Range:    [0x0000023b1c000000 - 0x0000023b5d000000), (1090519040 bytes)
Klass ID Range:  [8 - 1090519033) (1090519025)

GC Precious Log:
 CardTable entry size: 512
 Card Set container configuration: InlinePtr #cards 4 size 8 Array Of Cards #cards 16 size 48 Howl #buckets 8 coarsen threshold 3686 Howl Bitmap #cards 512 size 80 coarsen threshold 460 Card regions per heap region 1 cards per card region 4096
 CPUs: 16 total, 16 available
 Memory: 15611M
 Large Page Support: Disabled
 NUMA Support: Disabled
 Compressed Oops: Enabled (Zero based)
 Heap Region Size: 2M
 Heap Min Capacity: 8M
 Heap Initial Capacity: 244M
 Heap Max Capacity: 3904M
 Pre-touch: Disabled
 Parallel Workers: 13
 Concurrent Workers: 3
 Concurrent Refinement Workers: 13
 Periodic GC: Disabled

Heap:
 garbage-first heap   total reserved 3997696K, committed 108544K, used 50592K [0x000000070c000000, 0x0000000800000000)
  region size 2048K, 4 young (8192K), 2 survivors (4096K)
 Metaspace       used 87571K, committed 88256K, reserved 1179648K
  class space    used 10767K, committed 11072K, reserved 1048576K

Heap Regions: E=young(eden), S=young(survivor), O=old, HS=humongous(starts), HC=humongous(continues), CS=collection set, F=free, TAMS=top-at-mark-start, PB=parsable bottom
|   0|0x000000070c000000, 0x000000070c200000, 0x000000070c200000|100%| O|  |TAMS 0x000000070c000000| PB 0x000000070c000000| Untracked |  0
|   1|0x000000070c200000, 0x000000070c400000, 0x000000070c400000|100%| O|  |TAMS 0x000000070c200000| PB 0x000000070c200000| Untracked |  0
|   2|0x000000070c400000, 0x000000070c600000, 0x000000070c600000|100%| O|  |TAMS 0x000000070c400000| PB 0x000000070c400000| Untracked |  0
|   3|0x000000070c600000, 0x000000070c800000, 0x000000070c800000|100%| O|  |TAMS 0x000000070c600000| PB 0x000000070c600000| Untracked |  0
|   4|0x000000070c800000, 0x000000070c861ef8, 0x000000070ca00000| 19%| O|  |TAMS 0x000000070c800000| PB 0x000000070c800000| Untracked |  0
|   5|0x000000070ca00000, 0x000000070cc00000, 0x000000070cc00000|100%| O|  |TAMS 0x000000070ca00000| PB 0x000000070ca00000| Untracked |  0
|   6|0x000000070cc00000, 0x000000070ce00000, 0x000000070ce00000|100%| O|  |TAMS 0x000000070cc00000| PB 0x000000070cc00000| Untracked |  0
|   7|0x000000070ce00000, 0x000000070d000000, 0x000000070d000000|100%| O|  |TAMS 0x000000070ce00000| PB 0x000000070ce00000| Untracked |  0
|   8|0x000000070d000000, 0x000000070d200000, 0x000000070d200000|100%| O|  |TAMS 0x000000070d000000| PB 0x000000070d000000| Untracked |  0
|   9|0x000000070d200000, 0x000000070d200000, 0x000000070d400000|  0%| F|  |TAMS 0x000000070d200000| PB 0x000000070d200000| Untracked |  0
|  10|0x000000070d400000, 0x000000070d400000, 0x000000070d600000|  0%| F|  |TAMS 0x000000070d400000| PB 0x000000070d400000| Untracked |  0
|  11|0x000000070d600000, 0x000000070d800000, 0x000000070d800000|100%| O|  |TAMS 0x000000070d600000| PB 0x000000070d600000| Untracked |  0
|  12|0x000000070d800000, 0x000000070da00000, 0x000000070da00000|100%| O|  |TAMS 0x000000070d800000| PB 0x000000070d800000| Untracked |  0
|  13|0x000000070da00000, 0x000000070db06110, 0x000000070dc00000| 51%| S|CS|TAMS 0x000000070da00000| PB 0x000000070da00000| Complete |  0
|  14|0x000000070dc00000, 0x000000070de00000, 0x000000070de00000|100%| O|  |TAMS 0x000000070dc00000| PB 0x000000070dc00000| Untracked |  0
|  15|0x000000070de00000, 0x000000070e000000, 0x000000070e000000|100%| O|  |TAMS 0x000000070de00000| PB 0x000000070de00000| Untracked |  0
|  16|0x000000070e000000, 0x000000070e200000, 0x000000070e200000|100%| O|  |TAMS 0x000000070e000000| PB 0x000000070e000000| Untracked |  0
|  17|0x000000070e200000, 0x000000070e400000, 0x000000070e400000|100%| O|  |TAMS 0x000000070e200000| PB 0x000000070e200000| Untracked |  0
|  18|0x000000070e400000, 0x000000070e600000, 0x000000070e600000|100%| O|  |TAMS 0x000000070e400000| PB 0x000000070e400000| Untracked |  0
|  19|0x000000070e600000, 0x000000070e800000, 0x000000070e800000|100%| O|  |TAMS 0x000000070e600000| PB 0x000000070e600000| Untracked |  0
|  20|0x000000070e800000, 0x000000070ea00000, 0x000000070ea00000|100%| S|CS|TAMS 0x000000070e800000| PB 0x000000070e800000| Complete |  0
|  21|0x000000070ea00000, 0x000000070ec00000, 0x000000070ec00000|100%| O|  |TAMS 0x000000070ea00000| PB 0x000000070ea00000| Untracked |  0
|  22|0x000000070ec00000, 0x000000070ec00000, 0x000000070ee00000|  0%| F|  |TAMS 0x000000070ec00000| PB 0x000000070ec00000| Untracked |  0
|  23|0x000000070ee00000, 0x000000070ee00000, 0x000000070f000000|  0%| F|  |TAMS 0x000000070ee00000| PB 0x000000070ee00000| Untracked |  0
|  24|0x000000070f000000, 0x000000070f200000, 0x000000070f200000|100%| O|  |TAMS 0x000000070f000000| PB 0x000000070f000000| Untracked |  0
|  25|0x000000070f200000, 0x000000070f400000, 0x000000070f400000|100%| O|  |TAMS 0x000000070f200000| PB 0x000000070f200000| Untracked |  0
|  26|0x000000070f400000, 0x000000070f600000, 0x000000070f600000|100%| O|  |TAMS 0x000000070f400000| PB 0x000000070f400000| Untracked |  0
|  27|0x000000070f600000, 0x000000070f600000, 0x000000070f800000|  0%| F|  |TAMS 0x000000070f600000| PB 0x000000070f600000| Untracked |  0
|  28|0x000000070f800000, 0x000000070f800000, 0x000000070fa00000|  0%| F|  |TAMS 0x000000070f800000| PB 0x000000070f800000| Untracked |  0
|  29|0x000000070fa00000, 0x000000070fa00000, 0x000000070fc00000|  0%| F|  |TAMS 0x000000070fa00000| PB 0x000000070fa00000| Untracked |  0
|  30|0x000000070fc00000, 0x000000070fe00000, 0x000000070fe00000|100%| O|  |TAMS 0x000000070fc00000| PB 0x000000070fc00000| Untracked |  0
|  31|0x000000070fe00000, 0x0000000710000000, 0x0000000710000000|100%| O|  |TAMS 0x000000070fe00000| PB 0x000000070fe00000| Untracked |  0
|  32|0x0000000710000000, 0x0000000710000000, 0x0000000710200000|  0%| F|  |TAMS 0x0000000710000000| PB 0x0000000710000000| Untracked |  0
|  33|0x0000000710200000, 0x0000000710200000, 0x0000000710400000|  0%| F|  |TAMS 0x0000000710200000| PB 0x0000000710200000| Untracked |  0
|  34|0x0000000710400000, 0x0000000710400000, 0x0000000710600000|  0%| F|  |TAMS 0x0000000710400000| PB 0x0000000710400000| Untracked |  0
|  35|0x0000000710600000, 0x0000000710600000, 0x0000000710800000|  0%| F|  |TAMS 0x0000000710600000| PB 0x0000000710600000| Untracked |  0
|  36|0x0000000710800000, 0x0000000710800000, 0x0000000710a00000|  0%| F|  |TAMS 0x0000000710800000| PB 0x0000000710800000| Untracked |  0
|  37|0x0000000710a00000, 0x0000000710a00000, 0x0000000710c00000|  0%| F|  |TAMS 0x0000000710a00000| PB 0x0000000710a00000| Untracked |  0
|  38|0x0000000710c00000, 0x0000000710c00000, 0x0000000710e00000|  0%| F|  |TAMS 0x0000000710c00000| PB 0x0000000710c00000| Untracked |  0
|  39|0x0000000710e00000, 0x0000000710e00000, 0x0000000711000000|  0%| F|  |TAMS 0x0000000710e00000| PB 0x0000000710e00000| Untracked |  0
|  40|0x0000000711000000, 0x0000000711000000, 0x0000000711200000|  0%| F|  |TAMS 0x0000000711000000| PB 0x0000000711000000| Untracked |  0
|  41|0x0000000711200000, 0x0000000711200000, 0x0000000711400000|  0%| F|  |TAMS 0x0000000711200000| PB 0x0000000711200000| Untracked |  0
|  42|0x0000000711400000, 0x0000000711400000, 0x0000000711600000|  0%| F|  |TAMS 0x0000000711400000| PB 0x0000000711400000| Untracked |  0
|  43|0x0000000711600000, 0x0000000711600000, 0x0000000711800000|  0%| F|  |TAMS 0x0000000711600000| PB 0x0000000711600000| Untracked |  0
|  44|0x0000000711800000, 0x0000000711800000, 0x0000000711a00000|  0%| F|  |TAMS 0x0000000711800000| PB 0x0000000711800000| Untracked |  0
|  45|0x0000000711a00000, 0x0000000711a00000, 0x0000000711c00000|  0%| F|  |TAMS 0x0000000711a00000| PB 0x0000000711a00000| Untracked |  0
|  46|0x0000000711c00000, 0x0000000711c00000, 0x0000000711e00000|  0%| F|  |TAMS 0x0000000711c00000| PB 0x0000000711c00000| Untracked |  0
| 107|0x0000000719600000, 0x0000000719600000, 0x0000000719800000|  0%| F|  |TAMS 0x0000000719600000| PB 0x0000000719600000| Untracked |  0
| 108|0x0000000719800000, 0x0000000719800000, 0x0000000719a00000|  0%| F|  |TAMS 0x0000000719800000| PB 0x0000000719800000| Untracked |  0
| 109|0x0000000719a00000, 0x0000000719a00000, 0x0000000719c00000|  0%| F|  |TAMS 0x0000000719a00000| PB 0x0000000719a00000| Untracked |  0
| 110|0x0000000719c00000, 0x0000000719c00000, 0x0000000719e00000|  0%| F|  |TAMS 0x0000000719c00000| PB 0x0000000719c00000| Untracked |  0
| 121|0x000000071b200000, 0x000000071b3c45e8, 0x000000071b400000| 88%| E|  |TAMS 0x000000071b200000| PB 0x000000071b200000| Complete |  0
|1951|0x00000007ffe00000, 0x0000000800000000, 0x0000000800000000|100%| E|CS|TAMS 0x00000007ffe00000| PB 0x00000007ffe00000| Complete |  0

Card table byte_map: [0x0000023b13ec0000,0x0000023b14660000] _byte_map_base: 0x0000023b10660000

Marking Bits: (CMBitMap*) 0x0000023b077901c0
 Bits: [0x0000023b14660000, 0x0000023b18360000)

Polling page: 0x0000023b05540000

Metaspace:

Usage:
  Non-class:     75.00 MB used.
      Class:     10.52 MB used.
       Both:     85.52 MB used.

Virtual space:
  Non-class space:      128.00 MB reserved,      75.38 MB ( 59%) committed,  2 nodes.
      Class space:        1.00 GB reserved,      10.81 MB (  1%) committed,  1 nodes.
             Both:        1.12 GB reserved,      86.19 MB (  7%) committed. 

Chunk freelists:
   Non-Class:  4.00 MB
       Class:  5.02 MB
        Both:  9.02 MB

MaxMetaspaceSize: unlimited
CompressedClassSpaceSize: 1.00 GB
Initial GC threshold: 21.00 MB
Current GC threshold: 140.62 MB
CDS: on
 - commit_granule_bytes: 65536.
 - commit_granule_words: 8192.
 - virtual_space_node_default_size: 8388608.
 - enlarge_chunks_in_place: 1.
UseCompressedClassPointers 1, UseCompactObjectHeaders 0
Narrow klass pointer bits 32, Max shift 3
Narrow klass base: 0x0000023b1c000000, Narrow klass shift: 0
Encoding Range: [0x0000023b1c000000 - 0x0000023c1c000000), (4294967296 bytes)
Klass Range:    [0x0000023b1c000000 - 0x0000023b5d000000), (1090519040 bytes)
Klass ID Range:  [8 - 1090519033) (1090519025)


Internal statistics:

num_allocs_failed_limit: 6.
num_arena_births: 1346.
num_arena_deaths: 402.
num_vsnodes_births: 3.
num_vsnodes_deaths: 0.
num_space_committed: 1379.
num_space_uncommitted: 0.
num_chunks_returned_to_freelist: 423.
num_chunks_taken_from_freelist: 4713.
num_chunk_merges: 103.
num_chunk_splits: 3243.
num_chunks_enlarged: 2619.
num_inconsistent_stats: 0.

CodeCache: size=49152Kb used=15358Kb max_used=15463Kb free=33793Kb
 bounds [0x0000023b0ffb0000, 0x0000023b10ed0000, 0x0000023b12fb0000]
 total_blobs=10901, nmethods=10157, adapters=666, full_count=0
Compilation: enabled, stopped_count=0, restarted_count=0

Compilation events (20 events):
Event: 10955.685 Thread 0x0000023b61f496f0 nmethod 10928 0x0000023b10595d88 code [0x0000023b10595ea0, 0x0000023b10595fd8]
Event: 10955.685 Thread 0x0000023b61f496f0 10932       1       jdk.jfr.internal.EventControl::getNamedControls (5 bytes)
Event: 10955.685 Thread 0x0000023b61f434a0 10931       1       jdk.jfr.internal.EventControl::getSettingsId (5 bytes)
Event: 10955.685 Thread 0x0000023b1afab710 10933       1       jdk.jfr.internal.PlatformEventType::isEnabled (5 bytes)
Event: 10955.686 Thread 0x0000023b61f496f0 nmethod 10932 0x0000023b10595a88 code [0x0000023b10595b80, 0x0000023b10595c48]
Event: 10955.686 Thread 0x0000023b61f434a0 nmethod 10931 0x0000023b10595788 code [0x0000023b10595880, 0x0000023b10595948]
Event: 10955.686 Thread 0x0000023b61f496f0 10934   !   1       jdk.jfr.internal.Control::setValue (102 bytes)
Event: 10955.686 Thread 0x0000023b1afab710 nmethod 10933 0x0000023b10595488 code [0x0000023b10595580, 0x0000023b10595648]
Event: 10955.686 Thread 0x0000023b61f434a0 10935       1       jdk.jfr.internal.SettingsManager$InternalSetting::getValues (35 bytes)
Event: 10955.686 Thread 0x0000023b1afab710 10936       1       jdk.jfr.internal.Control::apply (10 bytes)
Event: 10955.686 Thread 0x0000023b1afab710 nmethod 10936 0x0000023b10595188 code [0x0000023b105952a0, 0x0000023b105953b0]
Event: 10955.686 Thread 0x0000023b1afab710 10937       1       jdk.jfr.internal.Control::findCombine (121 bytes)
Event: 10955.686 Thread 0x0000023b61f434a0 nmethod 10935 0x0000023b10594e08 code [0x0000023b10594f40, 0x0000023b10595148]
Event: 10955.686 Thread 0x0000023b1afab710 nmethod 10937 0x0000023b10594488 code [0x0000023b10594640, 0x0000023b10594df0]
Event: 10955.686 Thread 0x0000023b61f496f0 nmethod 10934 0x0000023b10593b88 code [0x0000023b10593d80, 0x0000023b10594410]
Event: 10955.686 Thread 0x0000023b61f4a610 nmethod 10919 0x0000023b10592508 code [0x0000023b105927c0, 0x0000023b10593a38]
Event: 10955.690 Thread 0x0000023b61f4a610 10938       1       jdk.jfr.internal.periodic.EventTask::getEventType (5 bytes)
Event: 10955.690 Thread 0x0000023b61f4a610 nmethod 10938 0x0000023b10592208 code [0x0000023b10592300, 0x0000023b105923c8]
Event: 10955.690 Thread 0x0000023b61f496f0 10939       1       jdk.jfr.internal.periodic.PeriodicTask::getPeriod (5 bytes)
Event: 10955.690 Thread 0x0000023b61f496f0 nmethod 10939 0x0000023b10591f08 code [0x0000023b10592000, 0x0000023b105920c8]

GC Heap History (20 events):
Event: 4.632 GC heap before
{Heap before GC invocations=15 (full 0):
 garbage-first heap   total reserved 3997696K, committed 90112K, used 75797K [0x000000070c000000, 0x0000000800000000)
  region size 2048K, 22 young (45056K), 3 survivors (6144K)
 Metaspace       used 67617K, committed 68224K, reserved 1114112K
  class space    used 7929K, committed 8192K, reserved 1048576K
}
Event: 4.639 GC heap after
{Heap after GC invocations=16 (full 0):
 garbage-first heap   total reserved 3997696K, committed 108544K, used 39168K [0x000000070c000000, 0x0000000800000000)
  region size 2048K, 3 young (6144K), 3 survivors (6144K)
 Metaspace       used 67617K, committed 68224K, reserved 1114112K
  class space    used 7929K, committed 8192K, reserved 1048576K
}
Event: 5.000 GC heap before
{Heap before GC invocations=17 (full 0):
 garbage-first heap   total reserved 3997696K, committed 108544K, used 92416K [0x000000070c000000, 0x0000000800000000)
  region size 2048K, 29 young (59392K), 3 survivors (6144K)
 Metaspace       used 71420K, committed 72064K, reserved 1114112K
  class space    used 8648K, committed 8960K, reserved 1048576K
}
Event: 5.008 GC heap after
{Heap after GC invocations=18 (full 0):
 garbage-first heap   total reserved 3997696K, committed 108544K, used 41804K [0x000000070c000000, 0x0000000800000000)
  region size 2048K, 3 young (6144K), 3 survivors (6144K)
 Metaspace       used 71420K, committed 72064K, reserved 1114112K
  class space    used 8648K, committed 8960K, reserved 1048576K
}
Event: 5.523 GC heap before
{Heap before GC invocations=18 (full 0):
 garbage-first heap   total reserved 3997696K, committed 108544K, used 93004K [0x000000070c000000, 0x0000000800000000)
  region size 2048K, 28 young (57344K), 3 survivors (6144K)
 Metaspace       used 75543K, committed 76224K, reserved 1179648K
  class space    used 9185K, committed 9472K, reserved 1048576K
}
Event: 5.530 GC heap after
{Heap after GC invocations=19 (full 0):
 garbage-first heap   total reserved 3997696K, committed 108544K, used 45710K [0x000000070c000000, 0x0000000800000000)
  region size 2048K, 4 young (8192K), 4 survivors (8192K)
 Metaspace       used 75543K, committed 76224K, reserved 1179648K
  class space    used 9185K, committed 9472K, reserved 1048576K
}
Event: 5.947 GC heap before
{Heap before GC invocations=19 (full 0):
 garbage-first heap   total reserved 3997696K, committed 108544K, used 90766K [0x000000070c000000, 0x0000000800000000)
  region size 2048K, 26 young (53248K), 4 survivors (8192K)
 Metaspace       used 78966K, committed 79744K, reserved 1179648K
  class space    used 9605K, committed 9920K, reserved 1048576K
}
Event: 5.950 GC heap after
{Heap after GC invocations=20 (full 0):
 garbage-first heap   total reserved 3997696K, committed 108544K, used 49111K [0x000000070c000000, 0x0000000800000000)
  region size 2048K, 4 young (8192K), 4 survivors (8192K)
 Metaspace       used 78966K, committed 79744K, reserved 1179648K
  class space    used 9605K, committed 9920K, reserved 1048576K
}
Event: 1406.637 GC heap before
{Heap before GC invocations=21 (full 0):
 garbage-first heap   total reserved 3997696K, committed 108544K, used 90071K [0x000000070c000000, 0x0000000800000000)
  region size 2048K, 24 young (49152K), 4 survivors (8192K)
 Metaspace       used 80252K, committed 81088K, reserved 1179648K
  class space    used 9712K, committed 10048K, reserved 1048576K
}
Event: 1406.642 GC heap after
{Heap after GC invocations=22 (full 0):
 garbage-first heap   total reserved 3997696K, committed 108544K, used 49850K [0x000000070c000000, 0x0000000800000000)
  region size 2048K, 1 young (2048K), 1 survivors (2048K)
 Metaspace       used 80252K, committed 81088K, reserved 1179648K
  class space    used 9712K, committed 10048K, reserved 1048576K
}
Event: 1817.436 GC heap before
{Heap before GC invocations=22 (full 0):
 garbage-first heap   total reserved 3997696K, committed 108544K, used 94906K [0x000000070c000000, 0x0000000800000000)
  region size 2048K, 24 young (49152K), 1 survivors (2048K)
 Metaspace       used 82835K, committed 83712K, reserved 1179648K
  class space    used 10129K, committed 10496K, reserved 1048576K
}
Event: 1817.443 GC heap after
{Heap after GC invocations=23 (full 0):
 garbage-first heap   total reserved 3997696K, committed 108544K, used 51090K [0x000000070c000000, 0x0000000800000000)
  region size 2048K, 2 young (4096K), 2 survivors (4096K)
 Metaspace       used 82835K, committed 83712K, reserved 1179648K
  class space    used 10129K, committed 10496K, reserved 1048576K
}
Event: 2961.529 GC heap before
{Heap before GC invocations=23 (full 0):
 garbage-first heap   total reserved 3997696K, committed 108544K, used 92050K [0x000000070c000000, 0x0000000800000000)
  region size 2048K, 23 young (47104K), 2 survivors (4096K)
 Metaspace       used 85470K, committed 86400K, reserved 1179648K
  class space    used 10474K, committed 10880K, reserved 1048576K
}
Event: 2961.532 GC heap after
{Heap after GC invocations=24 (full 0):
 garbage-first heap   total reserved 3997696K, committed 108544K, used 51687K [0x000000070c000000, 0x0000000800000000)
  region size 2048K, 2 young (4096K), 2 survivors (4096K)
 Metaspace       used 85470K, committed 86400K, reserved 1179648K
  class space    used 10474K, committed 10880K, reserved 1048576K
}
Event: 3959.939 GC heap before
{Heap before GC invocations=25 (full 0):
 garbage-first heap   total reserved 3997696K, committed 108544K, used 94695K [0x000000070c000000, 0x0000000800000000)
  region size 2048K, 23 young (47104K), 2 survivors (4096K)
 Metaspace       used 86564K, committed 87296K, reserved 1179648K
  class space    used 10633K, committed 10944K, reserved 1048576K
}
Event: 3959.943 GC heap after
{Heap after GC invocations=26 (full 0):
 garbage-first heap   total reserved 3997696K, committed 108544K, used 52959K [0x000000070c000000, 0x0000000800000000)
  region size 2048K, 3 young (6144K), 3 survivors (6144K)
 Metaspace       used 86564K, committed 87296K, reserved 1179648K
  class space    used 10633K, committed 10944K, reserved 1048576K
}
Event: 5453.186 GC heap before
{Heap before GC invocations=26 (full 0):
 garbage-first heap   total reserved 3997696K, committed 108544K, used 91871K [0x000000070c000000, 0x0000000800000000)
  region size 2048K, 22 young (45056K), 3 survivors (6144K)
 Metaspace       used 86564K, committed 87296K, reserved 1179648K
  class space    used 10633K, committed 10944K, reserved 1048576K
}
Event: 5453.197 GC heap after
{Heap after GC invocations=27 (full 0):
 garbage-first heap   total reserved 3997696K, committed 108544K, used 47959K [0x000000070c000000, 0x0000000800000000)
  region size 2048K, 1 young (2048K), 1 survivors (2048K)
 Metaspace       used 86564K, committed 87296K, reserved 1179648K
  class space    used 10633K, committed 10944K, reserved 1048576K
}
Event: 10955.656 GC heap before
{Heap before GC invocations=27 (full 0):
 garbage-first heap   total reserved 3997696K, committed 108544K, used 97111K [0x000000070c000000, 0x0000000800000000)
  region size 2048K, 25 young (51200K), 1 survivors (2048K)
 Metaspace       used 87393K, committed 88064K, reserved 1179648K
  class space    used 10746K, committed 11008K, reserved 1048576K
}
Event: 10955.662 GC heap after
{Heap after GC invocations=28 (full 0):
 garbage-first heap   total reserved 3997696K, committed 108544K, used 48544K [0x000000070c000000, 0x0000000800000000)
  region size 2048K, 2 young (4096K), 2 survivors (4096K)
 Metaspace       used 87393K, committed 88064K, reserved 1179648K
  class space    used 10746K, committed 11008K, reserved 1048576K
}

Dll operation events (13 events):
Event: 0.009 Loaded shared library C:\Users\User\.jdks\openjdk-24.0.1\bin\java.dll
Event: 0.141 Loaded shared library C:\Users\User\.jdks\openjdk-24.0.1\bin\zip.dll
Event: 0.143 Loaded shared library C:\Users\User\.jdks\openjdk-24.0.1\bin\instrument.dll
Event: 0.147 Loaded shared library C:\Users\User\.jdks\openjdk-24.0.1\bin\net.dll
Event: 0.149 Loaded shared library C:\Users\User\.jdks\openjdk-24.0.1\bin\nio.dll
Event: 0.152 Loaded shared library C:\Users\User\.jdks\openjdk-24.0.1\bin\zip.dll
Event: 0.204 Loaded shared library C:\Users\User\.jdks\openjdk-24.0.1\bin\jimage.dll
Event: 0.248 Loaded shared library C:\Users\User\.jdks\openjdk-24.0.1\bin\extnet.dll
Event: 0.263 Loaded shared library C:\Users\User\.jdks\openjdk-24.0.1\bin\management.dll
Event: 0.270 Loaded shared library C:\Users\User\.jdks\openjdk-24.0.1\bin\management_ext.dll
Event: 1.059 Loaded shared library C:\Users\User\.jdks\openjdk-24.0.1\bin\sunmscapi.dll
Event: 2.592 Loaded shared library C:\Users\User\.jdks\openjdk-24.0.1\bin\verify.dll
Event: 10955.462 Loaded shared library C:\Users\User\AppData\Local\Temp\idea_libasyncProfiler_dll_temp_folder2\libasyncProfiler.dll

Deoptimization events (2 events):
Event: 1818.297 Thread 0x0000023b1b4caad0 DEOPT PACKING pc=0x0000023b10cf749c sp=0x000000cb838feef0
Event: 1818.297 Thread 0x0000023b1b4caad0 DEOPT UNPACKING pc=0x0000023b10005722 sp=0x000000cb838fe388 mode 0

Classes loaded (20 events):
Event: 10955.670 Loading class jdk/jfr/internal/MetadataWriter
Event: 10955.671 Loading class jdk/jfr/internal/MetadataWriter done
Event: 10955.671 Loading class jdk/jfr/internal/MetadataDescriptor$Element
Event: 10955.671 Loading class jdk/jfr/internal/MetadataDescriptor$Element done
Event: 10955.671 Loading class jdk/jfr/internal/MetadataDescriptor$Attribute
Event: 10955.671 Loading class jdk/jfr/internal/MetadataDescriptor$Attribute done
Event: 10955.675 Loading class jdk/jfr/internal/consumer/StringParser$Encoding
Event: 10955.675 Loading class jdk/jfr/internal/consumer/StringParser$Encoding done
Event: 10955.679 Loading class jdk/jfr/internal/consumer/RepositoryFiles
Event: 10955.679 Loading class jdk/jfr/internal/consumer/RepositoryFiles done
Event: 10955.683 Loading class jdk/jfr/internal/SettingsManager$InternalSetting
Event: 10955.683 Loading class jdk/jfr/internal/SettingsManager$InternalSetting done
Event: 10955.684 Loading class jdk/jfr/internal/util/Rate
Event: 10955.684 Loading class jdk/jfr/internal/util/Rate done
Event: 10955.684 Loading class jdk/jfr/internal/util/TimespanUnit
Event: 10955.685 Loading class jdk/jfr/internal/util/TimespanUnit done
Event: 10955.685 Loading class jdk/jfr/internal/util/ValueParser
Event: 10955.685 Loading class jdk/jfr/internal/util/ValueParser done
Event: 10955.686 Loading class jdk/jfr/internal/periodic/PeriodicType
Event: 10955.686 Loading class jdk/jfr/internal/periodic/PeriodicType done

Classes unloaded (20 events):
Event: 2961.554 Thread 0x0000023b1af8ef00 Unloading class 0x0000023b1d0d1400 'java/lang/invoke/LambdaForm$MH+0x0000023b1d0d1400'
Event: 2961.554 Thread 0x0000023b1af8ef00 Unloading class 0x0000023b1d0d1000 'java/lang/invoke/LambdaForm$MH+0x0000023b1d0d1000'
Event: 2961.554 Thread 0x0000023b1af8ef00 Unloading class 0x0000023b1d0d0000 'java/lang/invoke/LambdaForm$MH+0x0000023b1d0d0000'
Event: 2961.554 Thread 0x0000023b1af8ef00 Unloading class 0x0000023b1d0cfc00 'java/lang/invoke/LambdaForm$MH+0x0000023b1d0cfc00'
Event: 2961.554 Thread 0x0000023b1af8ef00 Unloading class 0x0000023b1d0cf800 'java/lang/invoke/LambdaForm$MH+0x0000023b1d0cf800'
Event: 2961.554 Thread 0x0000023b1af8ef00 Unloading class 0x0000023b1d0ce400 'java/lang/invoke/LambdaForm$MH+0x0000023b1d0ce400'
Event: 2961.554 Thread 0x0000023b1af8ef00 Unloading class 0x0000023b1d0cdc00 'java/lang/invoke/LambdaForm$MH+0x0000023b1d0cdc00'
Event: 2961.554 Thread 0x0000023b1af8ef00 Unloading class 0x0000023b1d0cd800 'java/lang/invoke/LambdaForm$MH+0x0000023b1d0cd800'
Event: 2961.554 Thread 0x0000023b1af8ef00 Unloading class 0x0000023b1d0cd400 'java/lang/invoke/LambdaForm$MH+0x0000023b1d0cd400'
Event: 2961.554 Thread 0x0000023b1af8ef00 Unloading class 0x0000023b1d0cd000 'java/lang/invoke/LambdaForm$BMH+0x0000023b1d0cd000'
Event: 2961.554 Thread 0x0000023b1af8ef00 Unloading class 0x0000023b1d0c5c00 'java/lang/invoke/LambdaForm$MH+0x0000023b1d0c5c00'
Event: 2961.554 Thread 0x0000023b1af8ef00 Unloading class 0x0000023b1d0c0000 'java/lang/invoke/LambdaForm$MH+0x0000023b1d0c0000'
Event: 2961.554 Thread 0x0000023b1af8ef00 Unloading class 0x0000023b1d008c00 'java/lang/invoke/LambdaForm$DMH+0x0000023b1d008c00'
Event: 2961.554 Thread 0x0000023b1af8ef00 Unloading class 0x0000023b1d008400 'java/lang/invoke/LambdaForm$DMH+0x0000023b1d008400'
Event: 2961.554 Thread 0x0000023b1af8ef00 Unloading class 0x0000023b1d007c00 'java/lang/invoke/LambdaForm$DMH+0x0000023b1d007c00'
Event: 2961.554 Thread 0x0000023b1af8ef00 Unloading class 0x0000023b1d007800 'java/lang/invoke/LambdaForm$DMH+0x0000023b1d007800'
Event: 2961.554 Thread 0x0000023b1af8ef00 Unloading class 0x0000023b1d003400 'java/lang/invoke/LambdaForm$MH+0x0000023b1d003400'
Event: 2961.554 Thread 0x0000023b1af8ef00 Unloading class 0x0000023b1d003000 'java/lang/invoke/LambdaForm$MH+0x0000023b1d003000'
Event: 2961.554 Thread 0x0000023b1af8ef00 Unloading class 0x0000023b1d002c00 'java/lang/invoke/LambdaForm$MH+0x0000023b1d002c00'
Event: 2961.554 Thread 0x0000023b1af8ef00 Unloading class 0x0000023b1d002400 'java/lang/invoke/LambdaForm$MH+0x0000023b1d002400'

Classes redefined (0 events):
No events

Internal exceptions (20 events):
Event: 1817.435 Thread 0x0000023b636daf00 Exception <a 'java/lang/IncompatibleClassChangeError'{0x000000070fb72f90}: Found class java.lang.Object, but interface was expected> (0x000000070fb72f90) 
thrown [s\open\src\hotspot\share\interpreter\linkResolver.cpp, line 872]
Event: 1817.435 Thread 0x0000023b636df820 Exception <a 'java/lang/IncompatibleClassChangeError'{0x000000070fba0670}: Found class java.lang.Object, but interface was expected> (0x000000070fba0670) 
thrown [s\open\src\hotspot\share\interpreter\linkResolver.cpp, line 872]
Event: 1817.466 Thread 0x0000023b636df0d0 Exception <a 'java/lang/NoSuchMethodError'{0x0000000719c239e8}: 'void java.lang.invoke.DirectMethodHandle$Holder.invokeSpecialIFC(java.lang.Object, java.lang.Object, int, java.lang.Object, java.lang.Object, java.lang.Object, java.lang.Object)'> (0x0000000719c239e8) 
thrown [s\open\src\hotspot\share\interpreter\linkResolver.cpp, line 805]
Event: 1817.466 Thread 0x0000023b636db650 Exception <a 'java/lang/NoSuchMethodError'{0x0000000719c123f0}: 'void java.lang.invoke.DirectMethodHandle$Holder.invokeSpecialIFC(java.lang.Object, java.lang.Object, int, java.lang.Object, java.lang.Object, java.lang.Object, java.lang.Object)'> (0x0000000719c123f0) 
thrown [s\open\src\hotspot\share\interpreter\linkResolver.cpp, line 805]
Event: 2633.632 Thread 0x0000023b636dff70 Exception <a 'java/lang/IncompatibleClassChangeError'{0x0000000710af36c8}: Found class java.lang.Object, but interface was expected> (0x0000000710af36c8) 
thrown [s\open\src\hotspot\share\interpreter\linkResolver.cpp, line 872]
Event: 2633.667 Thread 0x0000023b636dff70 Exception <a 'java/lang/NoSuchMethodError'{0x0000000710bd7890}: 'void java.lang.invoke.DelegatingMethodHandle$Holder.reinvoke_L(java.lang.Object, java.lang.Object, double)'> (0x0000000710bd7890) 
thrown [s\open\src\hotspot\share\interpreter\linkResolver.cpp, line 805]
Event: 2633.668 Thread 0x0000023b636dff70 Exception <a 'java/lang/NoSuchMethodError'{0x0000000710bf5dc8}: 'void java.lang.invoke.Invokers$Holder.invokeExact_MT(java.lang.Object, java.lang.Object, int, java.lang.Object)'> (0x0000000710bf5dc8) 
thrown [s\open\src\hotspot\share\interpreter\linkResolver.cpp, line 805]
Event: 2633.741 Thread 0x0000023b636dff70 Exception <a 'java/lang/NoSuchMethodError'{0x00000007109ed208}: 'double java.lang.invoke.DirectMethodHandle$Holder.invokeVirtual(java.lang.Object, java.lang.Object)'> (0x00000007109ed208) 
thrown [s\open\src\hotspot\share\interpreter\linkResolver.cpp, line 805]
Event: 3006.247 Thread 0x0000023b1b4caad0 Exception <a 'java/lang/NoSuchMethodError'{0x00000007fff81ae0}: static [B.<clinit>()V> (0x00000007fff81ae0) 
thrown [s\open\src\hotspot\share\prims\jni.cpp, line 1108]
Event: 3070.814 Thread 0x0000023b636de980 Exception <a 'java/lang/NoSuchMethodError'{0x0000000719d99a80}: 'long java.lang.invoke.DelegatingMethodHandle$Holder.reinvoke_L(java.lang.Object, java.lang.Object)'> (0x0000000719d99a80) 
thrown [s\open\src\hotspot\share\interpreter\linkResolver.cpp, line 805]
Event: 3082.269 Thread 0x0000023b636e06c0 Exception <a 'java/lang/NoSuchMethodError'{0x00000007196590a8}: 'int java.lang.invoke.DirectMethodHandle$Holder.invokeStatic(java.lang.Object, java.lang.Object, int, int)'> (0x00000007196590a8) 
thrown [s\open\src\hotspot\share\interpreter\linkResolver.cpp, line 805]
Event: 3105.847 Thread 0x0000023b636dbda0 Exception <a 'java/lang/IncompatibleClassChangeError'{0x0000000711d6fbc8}: Found class java.lang.Object, but interface was expected> (0x0000000711d6fbc8) 
thrown [s\open\src\hotspot\share\interpreter\linkResolver.cpp, line 872]
Event: 10142.236 Thread 0x0000023b1b4cb970 Exception <a 'java/lang/NoSuchMethodError'{0x00000007113c1400}: static [Ljava/lang/StackTraceElement;.<clinit>()V> (0x00000007113c1400) 
thrown [s\open\src\hotspot\share\prims\jni.cpp, line 1108]
Event: 10142.249 Thread 0x0000023b1b4cb970 Exception <a 'java/lang/NoSuchMethodError'{0x0000000711023c88}: static [Ljava/lang/Integer;.<clinit>()V> (0x0000000711023c88) 
thrown [s\open\src\hotspot\share\prims\jni.cpp, line 1108]
Event: 10955.601 Thread 0x0000023b1afa3990 Exception <a 'java/lang/NoSuchMethodError'{0x000000070fbe9558}: 'void java.lang.invoke.DirectMethodHandle$Holder.invokeStaticInit(java.lang.Object)'> (0x000000070fbe9558) 
thrown [s\open\src\hotspot\share\interpreter\linkResolver.cpp, line 805]
Event: 10955.655 Thread 0x0000023b1afa3990 Exception <a 'java/lang/NoSuchMethodError'{0x000000070eda2298}: 'void java.lang.invoke.DirectMethodHandle$Holder.invokeSpecial(java.lang.Object, java.lang.Object, int)'> (0x000000070eda2298) 
thrown [s\open\src\hotspot\share\interpreter\linkResolver.cpp, line 805]
Event: 10955.655 Thread 0x0000023b1afa3990 Exception <a 'java/lang/NoSuchMethodError'{0x000000070eda9eb8}: 'void java.lang.invoke.Invokers$Holder.invokeExact_MT(java.lang.Object, int, java.lang.Object)'> (0x000000070eda9eb8) 
thrown [s\open\src\hotspot\share\interpreter\linkResolver.cpp, line 805]
Event: 10955.665 Thread 0x0000023b1afa3990 Exception <a 'sun/nio/fs/WindowsException'{0x00000007ffe33268}> (0x00000007ffe33268) 
thrown [s\open\src\hotspot\share\prims\jni.cpp, line 518]
Event: 10955.667 Thread 0x0000023b1afa3990 Exception <a 'sun/nio/fs/WindowsException'{0x00000007ffe400b0}> (0x00000007ffe400b0) 
thrown [s\open\src\hotspot\share\prims\jni.cpp, line 518]
Event: 10955.668 Thread 0x0000023b1afa3990 Exception <a 'sun/nio/fs/WindowsException'{0x00000007ffe51d00}> (0x00000007ffe51d00) 
thrown [s\open\src\hotspot\share\prims\jni.cpp, line 518]

VM Operations (20 events):
Event: 3959.939 Executing VM operation: G1CollectForAllocation (G1 Evacuation Pause)
Event: 3959.943 Executing VM operation: G1CollectForAllocation (G1 Evacuation Pause) done
Event: 4029.380 Executing VM operation: HandshakeAllThreads (HandshakeForDeflation)
Event: 4029.381 Executing VM operation: HandshakeAllThreads (HandshakeForDeflation) done
Event: 4029.381 Executing VM operation: RendezvousGCThreads
Event: 4029.381 Executing VM operation: RendezvousGCThreads done
Event: 5453.186 Executing VM operation: G1CollectForAllocation (G1 Evacuation Pause)
Event: 5453.197 Executing VM operation: G1CollectForAllocation (G1 Evacuation Pause) done
Event: 5592.424 Executing VM operation: HandshakeAllThreads (HandshakeForDeflation)
Event: 5592.424 Executing VM operation: HandshakeAllThreads (HandshakeForDeflation) done
Event: 5592.424 Executing VM operation: RendezvousGCThreads
Event: 5592.424 Executing VM operation: RendezvousGCThreads done
Event: 10173.574 Executing VM operation: HandshakeAllThreads (HandshakeForDeflation)
Event: 10173.574 Executing VM operation: HandshakeAllThreads (HandshakeForDeflation) done
Event: 10173.574 Executing VM operation: RendezvousGCThreads
Event: 10173.574 Executing VM operation: RendezvousGCThreads done
Event: 10955.656 Executing VM operation: G1CollectForAllocation (G1 Evacuation Pause)
Event: 10955.662 Executing VM operation: G1CollectForAllocation (G1 Evacuation Pause) done
Event: 10955.679 Executing VM operation: JFRSafepointClear
Event: 10955.679 Executing VM operation: JFRSafepointClear done

Memory protections (0 events):
No events

Nmethod flushes (20 events):
Event: 2961.570 Thread 0x0000023b1af8ef00 flushing  nmethod 0x0000023b10c89088
Event: 2961.570 Thread 0x0000023b1af8ef00 flushing  nmethod 0x0000023b10c8a588
Event: 2961.570 Thread 0x0000023b1af8ef00 flushing  nmethod 0x0000023b10d02688
Event: 2961.570 Thread 0x0000023b1af8ef00 flushing  nmethod 0x0000023b10de5288
Event: 2961.570 Thread 0x0000023b1af8ef00 flushing  nmethod 0x0000023b10e75108
Event: 2961.570 Thread 0x0000023b1af8ef00 flushing  nmethod 0x0000023b10db6e08
Event: 2961.570 Thread 0x0000023b1af8ef00 flushing  nmethod 0x0000023b10dc2588
Event: 2961.570 Thread 0x0000023b1af8ef00 flushing  nmethod 0x0000023b10e36388
Event: 2961.570 Thread 0x0000023b1af8ef00 flushing  nmethod 0x0000023b108b7d08
Event: 2961.570 Thread 0x0000023b1af8ef00 flushing  nmethod 0x0000023b10cae408
Event: 2961.570 Thread 0x0000023b1af8ef00 flushing  nmethod 0x0000023b10caed88
Event: 2961.570 Thread 0x0000023b1af8ef00 flushing  nmethod 0x0000023b10d09c88
Event: 2961.570 Thread 0x0000023b1af8ef00 flushing  nmethod 0x0000023b10da4888
Event: 2961.570 Thread 0x0000023b1af8ef00 flushing  nmethod 0x0000023b10daaa08
Event: 2961.570 Thread 0x0000023b1af8ef00 flushing  nmethod 0x0000023b10dd5008
Event: 2961.570 Thread 0x0000023b1af8ef00 flushing  nmethod 0x0000023b10e66c88
Event: 2961.570 Thread 0x0000023b1af8ef00 flushing  nmethod 0x0000023b10952d88
Event: 2961.570 Thread 0x0000023b1af8ef00 flushing  nmethod 0x0000023b10bb0788
Event: 2961.570 Thread 0x0000023b1af8ef00 flushing  nmethod 0x0000023b10cb5808
Event: 2961.570 Thread 0x0000023b1af8ef00 flushing  nmethod 0x0000023b10d68908

Events (20 events):
Event: 5350.882 Thread 0x0000023b1b4cb970 Thread added: 0x0000023b1b4c8640
Event: 5355.882 Thread 0x0000023b1b4cb970 Thread exited: 0x0000023b1b4cb970
Event: 5355.951 Thread 0x0000023b1b4c8640 Thread exited: 0x0000023b1b4c8640
Event: 5572.092 Thread 0x0000023b1afab710 Thread added: 0x0000023b61f434a0
Event: 5577.096 Thread 0x0000023b61f434a0 Thread exited: 0x0000023b61f434a0
Event: 9934.816 Thread 0x0000023b623f2770 Thread added: 0x0000023b1b4cb970
Event: 9934.816 Thread 0x0000023b1b4cb970 Thread added: 0x0000023b1b4c8640
Event: 9939.818 Thread 0x0000023b1b4cb970 Thread exited: 0x0000023b1b4cb970
Event: 9940.624 Thread 0x0000023b1b4c8640 Thread exited: 0x0000023b1b4c8640
Event: 10022.388 Thread 0x0000023b616a22d0 Thread added: 0x0000023b1b4cb970
Event: 10099.152 Thread 0x0000023b1b4caad0 Thread exited: 0x0000023b1b4caad0
Event: 10141.830 Thread 0x0000023b616d1300 Thread added: 0x0000023b1b4caad0
Event: 10141.830 Thread 0x0000023b1b4caad0 Thread exited: 0x0000023b1b4caad0
Event: 10141.831 Thread 0x0000023b616dfa70 Thread exited: 0x0000023b616dfa70
Event: 10142.243 Thread 0x0000023b1b4cb970 Thread added: 0x0000023b1b4c8640
Event: 10955.581 Thread 0x0000023b1afab710 Thread added: 0x0000023b61f434a0
Event: 10955.582 Thread 0x0000023b61f434a0 Thread added: 0x0000023b61f496f0
Event: 10955.582 Thread 0x0000023b61f434a0 Thread added: 0x0000023b61f4a610
Event: 10955.598 Thread 0x0000023b1afa3990 Thread added: 0x0000023b1b4cd6b0
Event: 10955.656 Thread 0x0000023b1afa3990 Thread added: 0x0000023b1b4caad0


Dynamic libraries:
0x00007ff7d5900000 - 0x00007ff7d590e000 	C:\Users\User\.jdks\openjdk-24.0.1\bin\java.exe
0x00007ffa1a680000 - 0x00007ffa1a8e6000 	C:\WINDOWS\SYSTEM32\ntdll.dll
0x00007ffa19430000 - 0x00007ffa194f9000 	C:\WINDOWS\System32\KERNEL32.DLL
0x00007ffa17e70000 - 0x00007ffa1823c000 	C:\WINDOWS\System32\KERNELBASE.dll
0x00007ffa17ad0000 - 0x00007ffa17c1b000 	C:\WINDOWS\System32\ucrtbase.dll
0x00007ffa14a00000 - 0x00007ffa14a16000 	C:\Users\User\.jdks\openjdk-24.0.1\bin\jli.dll
0x00007ffa0bdf0000 - 0x00007ffa0be0b000 	C:\Users\User\.jdks\openjdk-24.0.1\bin\VCRUNTIME140.dll
0x00007ffa18b70000 - 0x00007ffa18d3a000 	C:\WINDOWS\System32\USER32.dll
0x00007ffa17e40000 - 0x00007ffa17e67000 	C:\WINDOWS\System32\win32u.dll
0x00007ffa19500000 - 0x00007ffa1952b000 	C:\WINDOWS\System32\GDI32.dll
0x00007ffa02fc0000 - 0x00007ffa0325a000 	C:\WINDOWS\WinSxS\amd64_microsoft.windows.common-controls_6595b64144ccf1df_6.0.26100.3912_none_3e07963ce335137e\COMCTL32.dll
0x00007ffa17990000 - 0x00007ffa17ac2000 	C:\WINDOWS\System32\gdi32full.dll
0x00007ffa182d0000 - 0x00007ffa18373000 	C:\WINDOWS\System32\msvcp_win.dll
0x00007ffa18ac0000 - 0x00007ffa18b69000 	C:\WINDOWS\System32\msvcrt.dll
0x00007ffa1a4e0000 - 0x00007ffa1a510000 	C:\WINDOWS\System32\IMM32.DLL
0x00007ffa14d40000 - 0x00007ffa14d4c000 	C:\Users\User\.jdks\openjdk-24.0.1\bin\vcruntime140_1.dll
0x00007ffa0a930000 - 0x00007ffa0a9be000 	C:\Users\User\.jdks\openjdk-24.0.1\bin\msvcp140.dll
0x00007ff9c42c0000 - 0x00007ff9c5062000 	C:\Users\User\.jdks\openjdk-24.0.1\bin\server\jvm.dll
0x00007ffa19530000 - 0x00007ffa195e2000 	C:\WINDOWS\System32\ADVAPI32.dll
0x00007ffa18440000 - 0x00007ffa184e6000 	C:\WINDOWS\System32\sechost.dll
0x00007ffa19d30000 - 0x00007ffa19e46000 	C:\WINDOWS\System32\RPCRT4.dll
0x00007ffa1a520000 - 0x00007ffa1a594000 	C:\WINDOWS\System32\WS2_32.dll
0x00007ffa16420000 - 0x00007ffa1647e000 	C:\WINDOWS\SYSTEM32\POWRPROF.dll
0x00007ffa0fb50000 - 0x00007ffa0fb5b000 	C:\WINDOWS\SYSTEM32\VERSION.dll
0x00007ffa0c6f0000 - 0x00007ffa0c726000 	C:\WINDOWS\SYSTEM32\WINMM.dll
0x00007ffa16400000 - 0x00007ffa16414000 	C:\WINDOWS\SYSTEM32\UMPDC.dll
0x00007ffa166f0000 - 0x00007ffa1670a000 	C:\WINDOWS\SYSTEM32\kernel.appcore.dll
0x00007ffa14d20000 - 0x00007ffa14d2a000 	C:\Users\User\.jdks\openjdk-24.0.1\bin\jimage.dll
0x00007ffa14a50000 - 0x00007ffa14c91000 	C:\WINDOWS\SYSTEM32\DBGHELP.DLL
0x00007ffa185e0000 - 0x00007ffa18964000 	C:\WINDOWS\System32\combase.dll
0x00007ffa19200000 - 0x00007ffa192e0000 	C:\WINDOWS\System32\OLEAUT32.dll
0x00007ff9ff570000 - 0x00007ff9ff5a9000 	C:\WINDOWS\SYSTEM32\dbgcore.DLL
0x00007ffa17c20000 - 0x00007ffa17cb9000 	C:\WINDOWS\System32\bcryptPrimitives.dll
0x00007ffa10fb0000 - 0x00007ffa10fbf000 	C:\Users\User\.jdks\openjdk-24.0.1\bin\instrument.dll
0x00007ffa0aaf0000 - 0x00007ffa0ab0e000 	C:\Users\User\.jdks\openjdk-24.0.1\bin\java.dll
0x00007ffa18df0000 - 0x00007ffa18f8f000 	C:\WINDOWS\System32\ole32.dll
0x00007ffa195f0000 - 0x00007ffa19d1d000 	C:\WINDOWS\System32\SHELL32.dll
0x00007ffa17810000 - 0x00007ffa17984000 	C:\WINDOWS\System32\wintypes.dll
0x00007ffa15470000 - 0x00007ffa15cc6000 	C:\WINDOWS\SYSTEM32\windows.storage.dll
0x00007ffa19320000 - 0x00007ffa1940f000 	C:\WINDOWS\System32\SHCORE.dll
0x00007ffa184f0000 - 0x00007ffa18559000 	C:\WINDOWS\System32\shlwapi.dll
0x00007ffa17720000 - 0x00007ffa1774f000 	C:\WINDOWS\SYSTEM32\profapi.dll
0x00007ffa0a8f0000 - 0x00007ffa0a907000 	C:\Users\User\.jdks\openjdk-24.0.1\bin\zip.dll
0x00007ffa149f0000 - 0x00007ffa14a00000 	C:\Users\User\.jdks\openjdk-24.0.1\bin\net.dll
0x00007ffa16c60000 - 0x00007ffa16cca000 	C:\WINDOWS\system32\mswsock.dll
0x00007ffa0a910000 - 0x00007ffa0a926000 	C:\Users\User\.jdks\openjdk-24.0.1\bin\nio.dll
0x00007ffa16150000 - 0x00007ffa16277000 	C:\WINDOWS\SYSTEM32\DNSAPI.dll
0x00007ffa16110000 - 0x00007ffa16143000 	C:\WINDOWS\SYSTEM32\IPHLPAPI.DLL
0x00007ffa18560000 - 0x00007ffa1856a000 	C:\WINDOWS\System32\NSI.dll
0x00007ffa0b990000 - 0x00007ffa0b999000 	C:\Users\User\.jdks\openjdk-24.0.1\bin\extnet.dll
0x00007ffa10610000 - 0x00007ffa1061b000 	C:\Windows\System32\rasadhlp.dll
0x00007ffa122a0000 - 0x00007ffa12326000 	C:\WINDOWS\System32\fwpuclnt.dll
0x00007ffa0b160000 - 0x00007ffa0b16a000 	C:\Users\User\.jdks\openjdk-24.0.1\bin\management.dll
0x00007ffa0ac00000 - 0x00007ffa0ac0b000 	C:\Users\User\.jdks\openjdk-24.0.1\bin\management_ext.dll
0x00007ffa18570000 - 0x00007ffa18578000 	C:\WINDOWS\System32\PSAPI.DLL
0x00007ffa16f00000 - 0x00007ffa16f1c000 	C:\WINDOWS\SYSTEM32\CRYPTSP.dll
0x00007ffa16650000 - 0x00007ffa1668a000 	C:\WINDOWS\system32\rsaenh.dll
0x00007ffa16d00000 - 0x00007ffa16d2b000 	C:\WINDOWS\SYSTEM32\USERENV.dll
0x00007ffa176f0000 - 0x00007ffa17716000 	C:\WINDOWS\SYSTEM32\bcrypt.dll
0x00007ffa16f20000 - 0x00007ffa16f2c000 	C:\WINDOWS\SYSTEM32\CRYPTBASE.dll
0x00007ff9f5e00000 - 0x00007ff9f5e18000 	C:\WINDOWS\system32\napinsp.dll
0x00007ff9f5de0000 - 0x00007ff9f5df2000 	C:\WINDOWS\System32\winrnr.dll
0x00007ff9f5da0000 - 0x00007ff9f5dd0000 	C:\WINDOWS\system32\nlansp_c.dll
0x00007ff9f5d70000 - 0x00007ff9f5d90000 	C:\WINDOWS\system32\wshbth.dll
0x00007ffa04af0000 - 0x00007ffa04b3e000 	C:\WINDOWS\SYSTEM32\pdh.dll
0x00007ffa0b1c0000 - 0x00007ffa0b1d2000 	C:\WINDOWS\System32\perfproc.dll
0x00007ffa0bd20000 - 0x00007ffa0bd2e000 	C:\Users\User\.jdks\openjdk-24.0.1\bin\sunmscapi.dll
0x00007ffa17cc0000 - 0x00007ffa17e37000 	C:\WINDOWS\System32\CRYPT32.dll
0x00007ffa17110000 - 0x00007ffa17140000 	C:\WINDOWS\SYSTEM32\ncrypt.dll
0x00007ffa170c0000 - 0x00007ffa170ff000 	C:\WINDOWS\SYSTEM32\NTASN1.dll
0x00007ffa0a8e0000 - 0x00007ffa0a8f0000 	C:\Users\User\.jdks\openjdk-24.0.1\bin\verify.dll
0x00007ffa10fc0000 - 0x00007ffa10fc8000 	C:\WINDOWS\system32\wshunix.dll
0x00007ff9d6420000 - 0x00007ff9d6618000 	C:\Users\User\AppData\Local\Temp\idea_libasyncProfiler_dll_temp_folder2\libasyncProfiler.dll

JVMTI agents:
C:\Program Files\JetBrains\IntelliJ IDEA 2025.1.1.1\lib\idea_rt.jar path:C:\Users\User\.jdks\openjdk-24.0.1\bin\instrument.dll, loaded, initialized, instrumentlib options:60971

dbghelp: loaded successfully - version: 4.0.5 - missing functions: none
symbol engine: initialized successfully - sym options: 0x614 - pdb path: .;C:\Users\User\.jdks\openjdk-24.0.1\bin;C:\WINDOWS\SYSTEM32;C:\WINDOWS\WinSxS\amd64_microsoft.windows.common-controls_6595b64144ccf1df_6.0.26100.3912_none_3e07963ce335137e;C:\Users\User\.jdks\openjdk-24.0.1\bin\server;C:\Users\User\AppData\Local\Temp\idea_libasyncProfiler_dll_temp_folder2

VM Arguments:
jvm_args: -XX:TieredStopAtLevel=1 -Dspring.output.ansi.enabled=always -Dcom.sun.management.jmxremote -Dspring.jmx.enabled=true -Dspring.liveBeansView.mbeanDomain -Dspring.application.admin.enabled=true -Dmanagement.endpoints.jmx.exposure.include=* -javaagent:C:\Program Files\JetBrains\IntelliJ IDEA 2025.1.1.1\lib\idea_rt.jar=60971 -Dfile.encoding=UTF-8 -Dsun.stdout.encoding=UTF-8 -Dsun.stderr.encoding=UTF-8 
java_command: com.example.backend.BackendApplication
java_class_path (initial): C:\Users\User\Desktop\Pfa2025\backend\target\classes;C:\Users\User\.m2\repository\io\jsonwebtoken\jjwt-api\0.12.5\jjwt-api-0.12.5.jar;C:\Users\User\.m2\repository\io\jsonwebtoken\jjwt-impl\0.12.5\jjwt-impl-0.12.5.jar;C:\Users\User\.m2\repository\io\jsonwebtoken\jjwt-jackson\0.12.5\jjwt-jackson-0.12.5.jar;C:\Users\User\.m2\repository\com\fasterxml\jackson\core\jackson-databind\2.18.3\jackson-databind-2.18.3.jar;C:\Users\User\.m2\repository\com\fasterxml\jackson\core\jackson-annotations\2.18.3\jackson-annotations-2.18.3.jar;C:\Users\User\.m2\repository\com\fasterxml\jackson\core\jackson-core\2.18.3\jackson-core-2.18.3.jar;C:\Users\User\.m2\repository\org\springdoc\springdoc-openapi-starter-webmvc-ui\2.8.3\springdoc-openapi-starter-webmvc-ui-2.8.3.jar;C:\Users\User\.m2\repository\org\springdoc\springdoc-openapi-starter-webmvc-api\2.8.3\springdoc-openapi-starter-webmvc-api-2.8.3.jar;C:\Users\User\.m2\repository\org\springdoc\springdoc-openapi-starter-common\2.8.3\springdoc-openapi-starter-common-2.8.3.jar;C:\Users\User\.m2\repository\io\swagger\core\v3\swagger-core-jakarta\2.2.27\swagger-core-jakarta-2.2.27.jar;C:\Users\User\.m2\repository\org\apache\commons\commons-lang3\3.17.0\commons-lang3-3.17.0.jar;C:\Users\User\.m2\repository\io\swagger\core\v3\swagger-annotations-jakarta\2.2.27\swagger-annotations-jakarta-2.2.27.jar;C:\Users\User\.m2\repository\io\swagger\core\v3\swagger-models-jakarta\2.2.27\swagger-models-jakarta-2.2.27.jar;C:\Users\User\.m2\repository\jakarta\validation\jakarta.validation-api\3.0.2\jakarta.validation-api-3.0.2.jar;C:\Users\User\.m2\repository\com\fasterxml\jackson\dataformat\jackson-dataformat-yaml\2.18.3\jackson-dataformat-yaml-2.18.3.jar;C:\Users\User\.m2\repository\org\webjars\swagger-ui\5.18.2\swagger-ui-5.18.2.jar;C:\Users\User\.m2\repository\org\webjars\webjars-locator-lite\1.0.1\webjars-locator-lite-1.0.1.jar;C:\Users\User\.m2\repository\org\jspecify\jspecify\1.0.0\jspecify-1.0.0.jar;C:\Users\User\.m2\repository\org\apache\poi\poi-ooxml\5.2.2\poi-ooxml-5.2.2.jar;C:\Users\User\.m2\repository\org\apache\poi\poi\5.2.2\poi-5.2.2.jar;C:\Users\User\.m2\repository\commons-codec\commons-codec\1.17.2\commons-codec-1.17.2.jar;C:\Users\User\.m2\repository\org\apache\commons\commons-math3\3.6.1\commons-math3-3.6.1.jar;C:\Users\User\.m2\repository\com\zaxxer\SparseBitSet\1.2\SparseBitSet-1.2.jar;C:\Users\User\.m2\repository\org\apache\poi\poi-ooxml-lite\5.2.2\poi-ooxml-lite-5.2.2.jar;C:\Users\User\.m2\repository\org\apache\xmlbeans\xmlbeans\5.0.3\xmlbeans-5.0.3.jar;C:\Users\User\.m2\repository\org\apache\commons\commons-compress\1.21\commons-compress-1.21.jar;C:\Users\User\.m2\repository\commons-io\commons-io\2.11.0\commons-io-2.11.0.jar;C:\Users\User\.m2\repository\com\github\virtuald\curvesapi\1.07\curvesapi-1.07.jar;C:\Users\User\.m2\repository\org\apache\logging\log4j\log4j-api\2.24.3\log4j-api-2.24.3.jar;C:\Users\User\.m2\repository\org\apache\commons\commons-collections4\4.4\commons-collections4-4.4.jar;C:\Users\User\.m2\repository\com\itextpdf\itextpdf\5.5.13.3\itextpdf-5.5.13.3.jar;C:\Users\User\.m2\repository\org\projectlombok\lombok\1.18.38\lombok-1.18.38.jar;C:\Users\User\.m2\repository\org\springframework\boot\spring-boot-starter-data-jdbc\3.4.5\spring-boot-starter-data-jdbc-3.4.5.jar;C:\Users\User\.m2\repository\org\springframework\data\spring-data-jdbc\3.4.5\spring-data-jdbc-3.4.5.jar;C:\Users\User\.m2\repository\org\springframework\data\spring-data-relational\3.4.5\spring-data-relational-3.4.5.jar;C:\Users\User\.m2\repository\org\springframework\data\spring-data-commons\3.4.5\spring-data-commons-3.4.5.jar;C:\Users\User\.m2\repository\org\springframework\spring-tx\6.2.6\spring-tx-6.2.6.jar;C:\Users\User\.m2\repository\org\springframework\spring-context\6.2.6\spring-context-6.2.6.jar;C:\Users\User\.m2\repository\org\springframework\spring-beans\6.2.6\spring-beans-6.2.6.jar;C:\Users\User\.m2\repository\org\springframework\boot\spring-boot-starter-data-jpa\3.4.5\spring-boot-starter-data-jpa-3.4.5.jar;C:\Users\User\.m2\repository\org\springframework\boot\spring-boot-starter\3.4.5\spring-boot-starter-3.4.5.jar;C:\Users\User\.m2\repository\org\springframework\boot\spring-boot\3.4.5\spring-boot-3.4.5.jar;C:\Users\User\.m2\repository\org\springframework\boot\spring-boot-autoconfigure\3.4.5\spring-boot-autoconfigure-3.4.5.jar;C:\Users\User\.m2\repository\org\springframework\boot\spring-boot-starter-logging\3.4.5\spring-boot-starter-logging-3.4.5.jar;C:\Users\User\.m2\repository\ch\qos\logback\logback-classic\1.5.18\logback-classic-1.5.18.jar;C:\Users\User\.m2\repository\ch\qos\logback\logback-core\1.5.18\logback-core-1.5.18.jar;C:\Users\User\.m2\repository\org\apache\logging\log4j\log4j-to-slf4j\2.24.3\log4j-to-slf4j-2.24.3.jar;C:\Users\User\.m2\repository\org\slf4j\jul-to-slf4j\2.0.17\jul-to-slf4j-2.0.17.jar;C:\Users\User\.m2\repository\jakarta\annotation\jakarta.annotation-api\2.1.1\jakarta.annotation-api-2.1.1.jar;C:\Users\User\.m2\repository\org\yaml\snakeyaml\2.3\snakeyaml-2.3.jar;C:\Users\User\.m2\repository\org\hibernate\orm\hibernate-core\6.6.13.Final\hibernate-core-6.6.13.Final.jar;C:\Users\User\.m2\repository\jakarta\persistence\jakarta.persistence-api\3.1.0\jakarta.persistence-api-3.1.0.jar;C:\Users\User\.m2\repository\jakarta\transaction\jakarta.transaction-api\2.0.1\jakarta.transaction-api-2.0.1.jar;C:\Users\User\.m2\repository\org\jboss\logging\jboss-logging\3.6.1.Final\jboss-logging-3.6.1.Final.jar;C:\Users\User\.m2\repository\org\hibernate\common\hibernate-commons-annotations\7.0.3.Final\hibernate-commons-annotations-7.0.3.Final.jar;C:\Users\User\.m2\repository\io\smallrye\jandex\3.2.0\jandex-3.2.0.jar;C:\Users\User\.m2\repository\com\fasterxml\classmate\1.7.0\classmate-1.7.0.jar;C:\Users\User\.m2\repository\net\bytebuddy\byte-buddy\1.15.11\byte-buddy-1.15.11.jar;C:\Users\User\.m2\repository\org\glassfish\jaxb\jaxb-runtime\4.0.5\jaxb-runtime-4.0.5.jar;C:\Users\User\.m2\repository\org\glassfish\jaxb\jaxb-core\4.0.5\jaxb-core-4.0.5.jar;C:\Users\User\.m2\repository\org\glassfish\jaxb\txw2\4.0.5\txw2-4.0.5.jar;C:\Users\User\.m2\repository\com\sun\istack\istack-commons-runtime\4.1.2\istack-commons-runtime-4.1.2.jar;C:\Users\User\.m2\repository\jakarta\inject\jakarta.inject-api\2.0.1\jakarta.inject-api-2.0.1.jar;C:\Users\User\.m2\repository\org\antlr\antlr4-runtime\4.13.0\antlr4-runtime-4.13.0.jar;C:\Users\User\.m2\repository\org\springframework\data\spring-data-jpa\3.4.5\spring-data-jpa-3.4.5.jar;C:\Users\User\.m2\repository\org\springframework\spring-orm\6.2.6\spring-orm-6.2.6.jar;C:\Users\User\.m2\repository\org\springframework\spring-aspects\6.2.6\spring-aspects-6.2.6.jar;C:\Users\User\.m2\repository\org\aspectj\aspectjweaver\1.9.24\aspectjweaver-1.9.24.jar;C:\Users\User\.m2\repository\org\springframework\boot\spring-boot-starter-jdbc\3.4.5\spring-boot-starter-jdbc-3.4.5.jar;C:\Users\User\.m2\repository\com\zaxxer\HikariCP\5.1.0\HikariCP-5.1.0.jar;C:\Users\User\.m2\repository\org\springframework\spring-jdbc\6.2.6\spring-jdbc-6.2.6.jar;C:\Users\User\.m2\repository\org\springframework\boot\spring-boot-starter-oauth2-client\3.4.5\spring-boot-starter-oauth2-client-3.4.5.jar;C:\Users\User\.m2\repository\org\springframework\security\spring-security-config\6.4.5\spring-security-config-6.4.5.jar;C:\Users\User\.m2\repository\org\springframework\security\spring-security-core\6.4.5\spring-security-core-6.4.5.jar;C:\Users\User\.m2\repository\org\springframework\security\spring-security-crypto\6.4.5\spring-security-crypto-6.4.5.jar;C:\Users\User\.m2\repository\org\springframework\spring-expression\6.2.6\spring-expression-6.2.6.jar;C:\Users\User\.m2\repository\io\micrometer\micrometer-observation\1.14.6\micrometer-observation-1.14.6.jar;C:\Users\User\.m2\repository\io\micrometer\micrometer-commons\1.14.6\micrometer-commons-1.14.6.jar;C:\Users\User\.m2\repository\org\springframework\security\spring-security-oauth2-client\6.4.5\spring-security-oauth2-client-6.4.5.jar;C:\Users\User\.m2\repository\org\springframework\security\spring-security-oauth2-core\6.4.5\spring-security-oauth2-core-6.4.5.jar;C:\Users\User\.m2\repository\com\nimbusds\oauth2-oidc-sdk\9.43.6\oauth2-oidc-sdk-9.43.6.jar;C:\Users\User\.m2\repository\com\github\stephenc\jcip\jcip-annotations\1.0-1\jcip-annotations-1.0-1.jar;C:\Users\User\.m2\repository\com\nimbusds\content-type\2.2\content-type-2.2.jar;C:\Users\User\.m2\repository\com\nimbusds\lang-tag\1.7\lang-tag-1.7.jar;C:\Users\User\.m2\repository\org\springframework\security\spring-security-oauth2-jose\6.4.5\spring-security-oauth2-jose-6.4.5.jar;C:\Users\User\.m2\repository\com\nimbusds\nimbus-jose-jwt\9.37.3\nimbus-jose-jwt-9.37.3.jar;C:\Users\User\.m2\repository\org\springframework\boot\spring-boot-starter-oauth2-resource-server\3.4.5\spring-boot-starter-oauth2-resource-server-3.4.5.jar;C:\Users\User\.m2\repository\org\springframework\security\spring-security-oauth2-resource-server\6.4.5\spring-security-oauth2-resource-server-6.4.5.jar;C:\Users\User\.m2\repository\org\springframework\boot\spring-boot-starter-security\3.4.5\spring-boot-starter-security-3.4.5.jar;C:\Users\User\.m2\repository\org\springframework\spring-aop\6.2.6\spring-aop-6.2.6.jar;C:\Users\User\.m2\repository\org\springframework\security\spring-security-web\6.4.5\spring-security-web-6.4.5.jar;C:\Users\User\.m2\repository\org\springframework\boot\spring-boot-starter-web\3.4.5\spring-boot-starter-web-3.4.5.jar;C:\Users\User\.m2\repository\org\springframework\boot\spring-boot-starter-json\3.4.5\spring-boot-starter-json-3.4.5.jar;C:\Users\User\.m2\repository\com\fasterxml\jackson\datatype\jackson-datatype-jdk8\2.18.3\jackson-datatype-jdk8-2.18.3.jar;C:\Users\User\.m2\repository\com\fasterxml\jackson\datatype\jackson-datatype-jsr310\2.18.3\jackson-datatype-jsr310-2.18.3.jar;C:\Users\User\.m2\repository\com\fasterxml\jackson\module\jackson-module-parameter-names\2.18.3\jackson-module-parameter-names-2.18.3.jar;C:\Users\User\.m2\repository\org\springframework\boot\spring-boot-starter-tomcat\3.4.5\spring-boot-starter-tomcat-3.4.5.jar;C:\Users\User\.m2\repository\org\apache\tomcat\embed\tomcat-embed-core\10.1.40\tomcat-embed-core-10.1.40.jar;C:\Users\User\.m2\repository\org\apache\tomcat\embed\tomcat-embed-el\10.1.40\tomcat-embed-el-10.1.40.jar;C:\Users\User\.m2\repository\org\apache\tomcat\embed\tomcat-embed-websocket\10.1.40\tomcat-embed-websocket-10.1.40.jar;C:\Users\User\.m2\repository\org\springframework\spring-web\6.2.6\spring-web-6.2.6.jar;C:\Users\User\.m2\repository\org\springframework\spring-webmvc\6.2.6\spring-webmvc-6.2.6.jar;C:\Users\User\.m2\repository\org\springframework\boot\spring-boot-starter-web-services\3.4.5\spring-boot-starter-web-services-3.4.5.jar;C:\Users\User\.m2\repository\com\sun\xml\messaging\saaj\saaj-impl\3.0.4\saaj-impl-3.0.4.jar;C:\Users\User\.m2\repository\jakarta\xml\soap\jakarta.xml.soap-api\3.0.2\jakarta.xml.soap-api-3.0.2.jar;C:\Users\User\.m2\repository\org\jvnet\staxex\stax-ex\2.1.0\stax-ex-2.1.0.jar;C:\Users\User\.m2\repository\jakarta\activation\jakarta.activation-api\2.1.3\jakarta.activation-api-2.1.3.jar;C:\Users\User\.m2\repository\org\eclipse\angus\angus-activation\2.0.2\angus-activation-2.0.2.jar;C:\Users\User\.m2\repository\jakarta\xml\ws\jakarta.xml.ws-api\4.0.2\jakarta.xml.ws-api-4.0.2.jar;C:\Users\User\.m2\repository\org\springframework\spring-oxm\6.2.6\spring-oxm-6.2.6.jar;C:\Users\User\.m2\repository\org\springframework\ws\spring-ws-core\4.0.13\spring-ws-core-4.0.13.jar;C:\Users\User\.m2\repository\org\springframework\ws\spring-xml\4.0.13\spring-xml-4.0.13.jar;C:\Users\User\.m2\repository\org\springframework\boot\spring-boot-starter-webflux\3.4.5\spring-boot-starter-webflux-3.4.5.jar;C:\Users\User\.m2\repository\org\springframework\boot\spring-boot-starter-reactor-netty\3.4.5\spring-boot-starter-reactor-netty-3.4.5.jar;C:\Users\User\.m2\repository\io\projectreactor\netty\reactor-netty-http\1.2.5\reactor-netty-http-1.2.5.jar;C:\Users\User\.m2\repository\io\netty\netty-codec-http\4.1.119.Final\netty-codec-http-4.1.119.Final.jar;C:\Users\User\.m2\repository\io\netty\netty-common\4.1.119.Final\netty-common-4.1.119.Final.jar;C:\Users\User\.m2\repository\io\netty\netty-buffer\4.1.119.Final\netty-buffer-4.1.119.Final.jar;C:\Users\User\.m2\repository\io\netty\netty-transport\4.1.119.Final\netty-transport-4.1.119.Final.jar;C:\Users\User\.m2\repository\io\netty\netty-codec\4.1.119.Final\netty-codec-4.1.119.Final.jar;C:\Users\User\.m2\repository\io\netty\netty-handler\4.1.119.Final\netty-handler-4.1.119.Final.jar;C:\Users\User\.m2\repository\io\netty\netty-codec-http2\4.1.119.Final\netty-codec-http2-4.1.119.Final.jar;C:\Users\User\.m2\repository\io\netty\netty-resolver-dns\4.1.119.Final\netty-resolver-dns-4.1.119.Final.jar;C:\Users\User\.m2\repository\io\netty\netty-resolver\4.1.119.Final\netty-resolver-4.1.119.Final.jar;C:\Users\User\.m2\repository\io\netty\netty-codec-dns\4.1.119.Final\netty-codec-dns-4.1.119.Final.jar;C:\Users\User\.m2\repository\io\netty\netty-resolver-dns-native-macos\4.1.119.Final\netty-resolver-dns-native-macos-4.1.119.Final-osx-x86_64.jar;C:\Users\User\.m2\repository\io\netty\netty-resolver-dns-classes-macos\4.1.119.Final\netty-resolver-dns-classes-macos-4.1.119.Final.jar;C:\Users\User\.m2\repository\io\netty\netty-transport-native-epoll\4.1.119.Final\netty-transport-native-epoll-4.1.119.Final-linux-x86_64.jar;C:\Users\User\.m2\repository\io\netty\netty-transport-native-unix-common\4.1.119.Final\netty-transport-native-unix-common-4.1.119.Final.jar;C:\Users\User\.m2\repository\io\netty\netty-transport-classes-epoll\4.1.119.Final\netty-transport-classes-epoll-4.1.119.Final.jar;C:\Users\User\.m2\repository\io\projectreactor\netty\reactor-netty-core\1.2.5\reactor-netty-core-1.2.5.jar;C:\Users\User\.m2\repository\io\netty\netty-handler-proxy\4.1.119.Final\netty-handler-proxy-4.1.119.Final.jar;C:\Users\User\.m2\repository\io\netty\netty-codec-socks\4.1.119.Final\netty-codec-socks-4.1.119.Final.jar;C:\Users\User\.m2\repository\org\springframework\spring-webflux\6.2.6\spring-webflux-6.2.6.jar;C:\Users\User\.m2\repository\org\springframework\data\spring-data-rest-hal-explorer\4.4.5\spring-data-rest-hal-explorer-4.4.5.jar;C:\Users\User\.m2\repository\org\springframework\data\spring-data-rest-webmvc\4.4.5\spring-data-rest-webmvc-4.4.5.jar;C:\Users\User\.m2\repository\org\springframework\data\spring-data-rest-core\4.4.5\spring-data-rest-core-4.4.5.jar;C:\Users\User\.m2\repository\org\springframework\hateoas\spring-hateoas\2.4.1\spring-hateoas-2.4.1.jar;C:\Users\User\.m2\repository\org\springframework\plugin\spring-plugin-core\3.0.0\spring-plugin-core-3.0.0.jar;C:\Users\User\.m2\repository\org\atteo\evo-inflector\1.3\evo-inflector-1.3.jar;C:\Users\User\.m2\repository\org\slf4j\slf4j-api\2.0.17\slf4j-api-2.0.17.jar;C:\Users\User\.m2\repository\org\postgresql\postgresql\42.7.5\postgresql-42.7.5.jar;C:\Users\User\.m2\repository\org\checkerframework\checker-qual\3.48.3\checker-qual-3.48.3.jar;C:\Users\User\.m2\repository\com\jayway\jsonpath\json-path\2.9.0\json-path-2.9.0.jar;C:\Users\User\.m2\repository\jakarta\xml\bind\jakarta.xml.bind-api\4.0.2\jakarta.xml.bind-api-4.0.2.jar;C:\Users\User\.m2\repository\net\minidev\json-smart\2.5.2\json-smart-2.5.2.jar;C:\Users\User\.m2\repository\net\minidev\accessors-smart\2.5.2\accessors-smart-2.5.2.jar;C:\Users\User\.m2\repository\org\ow2\asm\asm\9.7.1\asm-9.7.1.jar;C:\Users\User\.m2\repository\org\springframework\spring-core\6.2.6\spring-core-6.2.6.jar;C:\Users\User\.m2\repository\org\springframework\spring-jcl\6.2.6\spring-jcl-6.2.6.jar;C:\Users\User\.m2\repository\io\projectreactor\reactor-core\3.7.5\reactor-core-3.7.5.jar;C:\Users\User\.m2\repository\org\reactivestreams\reactive-streams\1.0.4\reactive-streams-1.0.4.jar;C:\Users\User\.m2\repository\org\springframework\boot\spring-boot-starter-mail\3.4.5\spring-boot-starter-mail-3.4.5.jar;C:\Users\User\.m2\repository\org\springframework\spring-context-support\6.2.6\spring-context-support-6.2.6.jar;C:\Users\User\.m2\repository\org\eclipse\angus\jakarta.mail\2.0.3\jakarta.mail-2.0.3.jar
Launcher Type: SUN_STANDARD

[Global flags]
     intx CICompilerCount                          = 12                                        {product} {ergonomic}
     uint ConcGCThreads                            = 3                                         {product} {ergonomic}
     bool FlightRecorder                           = true                                      {product} {management}
     uint G1ConcRefinementThreads                  = 13                                        {product} {ergonomic}
   size_t G1HeapRegionSize                         = 2097152                                   {product} {ergonomic}
   size_t InitialHeapSize                          = 255852544                                 {product} {ergonomic}
     bool ManagementServer                         = true                                      {product} {command line}
   size_t MarkStackSize                            = 4194304                                   {product} {ergonomic}
   size_t MarkStackSizeMax                         = 536870912                                 {product} {ergonomic}
   size_t MaxHeapSize                              = 4093640704                                {product} {ergonomic}
   size_t MaxNewSize                               = 2455764992                                {product} {ergonomic}
   size_t MinHeapDeltaBytes                        = 2097152                                   {product} {ergonomic}
   size_t MinHeapSize                              = 8388608                                   {product} {ergonomic}
    uintx NonNMethodCodeHeapSize                   = 4096                                   {pd product} {ergonomic}
    uintx NonProfiledCodeHeapSize                  = 0                                      {pd product} {ergonomic}
     bool ProfileInterpreter                       = false                                  {pd product} {command line}
    uintx ProfiledCodeHeapSize                     = 0                                      {pd product} {ergonomic}
   size_t SoftMaxHeapSize                          = 4093640704                             {manageable} {ergonomic}
     intx TieredStopAtLevel                        = 1                                         {product} {command line}
     bool UseCompressedOops                        = true                           {product lp64_product} {ergonomic}
     bool UseG1GC                                  = true                                      {product} {ergonomic}
     bool UseLargePagesIndividualAllocation        = false                                  {pd product} {ergonomic}

Logging:
Log output configuration:
 #0: stdout all=warning uptime,level,tags foldmultilines=false
 #1: stderr all=off uptime,level,tags foldmultilines=false

Environment Variables:
JAVA_HOME=C:\Program Files\Java\jdk-19
PATH=C:\WINDOWS\System32;C:\Program Files\Java\jdk-19\bin;C:\Program Files\nodejs\;C:\WINDOWS\system32;C:\WINDOWS;C:\WINDOWS\System32\Wbem;C:\WINDOWS\System32\WindowsPowerShell\v1.0\;C:\WINDOWS\System32\OpenSSH\;C:\Program Files\Java\jdk-19\bin;C:\Program Files\nodejs\;C:\WINDOWS\system32;C:\WINDOWS;C:\WINDOWS\System32\Wbem;C:\WINDOWS\System32\WindowsPowerShell\v1.0\;C:\WINDOWS\System32\OpenSSH\;C:\Program Files\Java\jdk-19\bin;C:\Program Files\nodejs\;C:\WINDOWS\system32;C:\WINDOWS;C:\WINDOWS\System32\Wbem;C:\WINDOWS\System32\WindowsPowerShell\v1.0\;C:\WINDOWS\System32\OpenSSH\;C:\Users\User\AppData\Local\Microsoft\WindowsApps;C:\Users\User\AppData\Roaming\npm;C:\Users\User\AppData\Local\Programs\Microsoft VS Code\bin;C:\Users\User\AppData\Local\GitHubDesktop\bin;
USERNAME=User
OS=Windows_NT
PROCESSOR_IDENTIFIER=AMD64 Family 25 Model 68 Stepping 1, AuthenticAMD
TMP=C:\Users\User\AppData\Local\Temp
TEMP=C:\Users\User\AppData\Local\Temp




Periodic native trim disabled

---------------  S Y S T E M  ---------------

OS:
 Windows 11 , 64 bit Build 26100 (10.0.26100.3912)
OS uptime: 0 days 22:09 hours
Hyper-V role detected

CPU: total 16 (initial active 16) (16 cores per cpu, 2 threads per core) family 25 model 68 stepping 1 microcode 0xa404107, cx8, cmov, fxsr, ht, mmx, 3dnowpref, sse, sse2, sse3, ssse3, sse4a, sse4.1, sse4.2, popcnt, lzcnt, tsc, tscinvbit, avx, avx2, aes, erms, clmul, bmi1, bmi2, adx, sha, fma, vzeroupper, clflush, clflushopt, hv, rdtscp, rdpid, fsrm, f16c, cet_ss
Processor Information for the first 16 processors :
  Max Mhz: 3201, Current Mhz: 3201, Mhz Limit: 3201

Memory: 4k page, system-wide physical 15611M (2761M free)
TotalPageFile size 31995M (AvailPageFile size 7507M)
current process WorkingSet (physical memory assigned to process): 253M, peak: 293M
current process commit charge ("private bytes"): 382M, peak: 384M

vm_info: OpenJDK 64-Bit Server VM (24.0.1+9-30) for windows-amd64 JRE (24.0.1+9-30), built on 2025-03-05T07:23:45Z with MS VC++ 17.6 (VS2022)

END.
